<?xml version="1.0" encoding="UTF-8"?>
<testsuite xmlns:xsi="http://www.w3.org/2001/XMLSchema-instance" xsi:noNamespaceSchemaLocation="https://maven.apache.org/surefire/maven-failsafe-plugin/xsd/failsafe-test-report.xsd" version="3.0.2" name="org.wildfly.examples.GettingStartedServiceIT" time="8.921" tests="1" errors="0" skipped="0" failures="0">
  <properties>
    <property name="env.TERM" value="xterm-256color"/>
    <property name="java.specification.version" value="24"/>
    <property name="sun.jnu.encoding" value="UTF-8"/>
    <property name="sun.arch.data.model" value="64"/>
    <property name="java.vendor.url" value="https://github.com/Homebrew/homebrew-core/issues"/>
    <property name="env.NVM_INC" value="/Users/sims/.nvm/versions/node/v16.20.2/include/node"/>
    <property name="env.COLORFGBG" value="15;0"/>
    <property name="sun.boot.library.path" value="/usr/local/Cellar/openjdk/24.0.1/libexec/openjdk.jdk/Contents/Home/lib"/>
    <property name="sun.java.command" value="/Users/sims/getting-started/target/surefire/surefirebooter-20250825091209320_3.jar /Users/sims/getting-started/target/surefire 2025-08-25T09-12-09_226-jvmRun1 surefire-20250825091209320_1tmp surefire_0-20250825091209320_2tmp"/>
    <property name="jdk.debug" value="release"/>
    <property name="java.specification.vendor" value="Oracle Corporation"/>
    <property name="java.version.date" value="2025-04-15"/>
    <property name="env.JAVA_HOME" value="/usr/local/opt/openjdk/libexec/openjdk.jdk/Contents/Home"/>
    <property name="java.home" value="/usr/local/Cellar/openjdk/24.0.1/libexec/openjdk.jdk/Contents/Home"/>
    <property name="env.LC_TERMINAL" value="iTerm2"/>
    <property name="file.separator" value="/"/>
    <property name="basedir" value="/Users/sims/getting-started"/>
    <property name="env.LESS" value="-R"/>
    <property name="java.vm.compressedOopsMode" value="Zero based"/>
    <property name="line.separator" value="&#10;"/>
    <property name="java.vm.specification.vendor" value="Oracle Corporation"/>
    <property name="java.specification.name" value="Java Platform API Specification"/>
    <property name="env.NVM_BIN" value="/Users/sims/.nvm/versions/node/v16.20.2/bin"/>
    <property name="sun.management.compiler" value="HotSpot 64-Bit Tiered Compilers"/>
    <property name="env.LC_TERMINAL_VERSION" value="3.5.14"/>
    <property name="java.runtime.version" value="24.0.1"/>
    <property name="env.TERM_PROGRAM_VERSION" value="3.5.14"/>
    <property name="user.name" value="sims"/>
    <property name="env.LSCOLORS" value="Gxfxcxdxbxegedabagacad"/>
    <property name="env.PATH" value="/Users/sims/.nvm/versions/node/v16.20.2/bin:/usr/local/bin:/System/Cryptexes/App/usr/bin:/usr/bin:/bin:/usr/sbin:/sbin:/var/run/com.apple.security.cryptexd/codex.system/bootstrap/usr/local/bin:/var/run/com.apple.security.cryptexd/codex.system/bootstrap/usr/bin:/var/run/com.apple.security.cryptexd/codex.system/bootstrap/usr/appleinternal/bin:/Library/Apple/usr/bin:/Applications/iTerm.app/Contents/Resources/utilities"/>
    <property name="env.LS_COLORS" value="di=1;36:ln=35:so=32:pi=33:ex=31:bd=34;46:cd=34;43:su=30;41:sg=30;46:tw=30;42:ow=30;43"/>
    <property name="env.XPC_FLAGS" value="0x0"/>
    <property name="env.LOGNAME" value="sims"/>
    <property name="env.__CF_USER_TEXT_ENCODING" value="0x1F7:0x0:0x0"/>
    <property name="file.encoding" value="UTF-8"/>
    <property name="env.__CFBundleIdentifier" value="com.googlecode.iterm2"/>
    <property name="java.vendor.version" value="Homebrew"/>
    <property name="env.TERM_SESSION_ID" value="w0t0p0:7AA5665A-9B37-4A98-87F4-44492DF0A226"/>
    <property name="env._" value="/usr/local/Cellar/openjdk/24.0.1/libexec/openjdk.jdk/Contents/Home/bin/java"/>
    <property name="env.SHLVL" value="2"/>
    <property name="localRepository" value="/Users/sims/.m2/repository"/>
    <property name="java.io.tmpdir" value="/var/folders/km/dyqz6fz93nx6hcf5396y01f00000gq/T/"/>
    <property name="java.version" value="24.0.1"/>
    <property name="env.SSH_AUTH_SOCK" value="/private/tmp/com.apple.launchd.MdxrAHKhAC/Listeners"/>
    <property name="java.vm.specification.name" value="Java Virtual Machine Specification"/>
    <property name="env.TERMINFO_DIRS" value="/Applications/iTerm.app/Contents/Resources/terminfo:/usr/share/terminfo"/>
    <property name="native.encoding" value="UTF-8"/>
    <property name="java.library.path" value="/Users/sims/Library/Java/Extensions:/Library/Java/Extensions:/Network/Library/Java/Extensions:/System/Library/Java/Extensions:/usr/lib/java:."/>
    <property name="env.TMPDIR" value="/var/folders/km/dyqz6fz93nx6hcf5396y01f00000gq/T/"/>
    <property name="java.vendor" value="Homebrew"/>
    <property name="stderr.encoding" value="UTF-8"/>
    <property name="sun.io.unicode.encoding" value="UnicodeBig"/>
    <property name="env.TERM_PROGRAM" value="iTerm.app"/>
    <property name="env.OLDPWD" value="/Users/sims/getting-started"/>
    <property name="env.PWD" value="/Users/sims/getting-started"/>
    <property name="env.LANG" value="en_ZA.UTF-8"/>
    <property name="env.PAGER" value="less"/>
    <property name="java.class.path" value="/Users/sims/getting-started/target/test-classes:/Users/sims/getting-started/target/classes:/Users/sims/.m2/repository/jakarta/enterprise/jakarta.enterprise.cdi-api/4.0.1/jakarta.enterprise.cdi-api-4.0.1.jar:/Users/sims/.m2/repository/jakarta/enterprise/jakarta.enterprise.lang-model/4.0.1/jakarta.enterprise.lang-model-4.0.1.jar:/Users/sims/.m2/repository/jakarta/annotation/jakarta.annotation-api/2.1.1/jakarta.annotation-api-2.1.1.jar:/Users/sims/.m2/repository/jakarta/el/jakarta.el-api/5.0.0/jakarta.el-api-5.0.0.jar:/Users/sims/.m2/repository/jakarta/interceptor/jakarta.interceptor-api/2.1.0/jakarta.interceptor-api-2.1.0.jar:/Users/sims/.m2/repository/jakarta/inject/jakarta.inject-api/2.0.1/jakarta.inject-api-2.0.1.jar:/Users/sims/.m2/repository/jakarta/ws/rs/jakarta.ws.rs-api/3.1.0/jakarta.ws.rs-api-3.1.0.jar:/Users/sims/.m2/repository/org/junit/jupiter/junit-jupiter/5.12.2/junit-jupiter-5.12.2.jar:/Users/sims/.m2/repository/org/junit/jupiter/junit-jupiter-api/5.12.2/junit-jupiter-api-5.12.2.jar:/Users/sims/.m2/repository/org/opentest4j/opentest4j/1.3.0/opentest4j-1.3.0.jar:/Users/sims/.m2/repository/org/junit/platform/junit-platform-commons/1.12.2/junit-platform-commons-1.12.2.jar:/Users/sims/.m2/repository/org/apiguardian/apiguardian-api/1.1.2/apiguardian-api-1.1.2.jar:/Users/sims/.m2/repository/org/junit/jupiter/junit-jupiter-params/5.12.2/junit-jupiter-params-5.12.2.jar:/Users/sims/.m2/repository/org/junit/jupiter/junit-jupiter-engine/5.12.2/junit-jupiter-engine-5.12.2.jar:/Users/sims/.m2/repository/org/junit/platform/junit-platform-engine/1.12.2/junit-platform-engine-1.12.2.jar:/Users/sims/.m2/repository/org/jboss/arquillian/junit5/arquillian-junit5-container/1.9.4.Final/arquillian-junit5-container-1.9.4.Final.jar:/Users/sims/.m2/repository/org/jboss/arquillian/test/arquillian-test-api/1.9.4.Final/arquillian-test-api-1.9.4.Final.jar:/Users/sims/.m2/repository/org/jboss/arquillian/core/arquillian-core-api/1.9.4.Final/arquillian-core-api-1.9.4.Final.jar:/Users/sims/.m2/repository/org/jboss/arquillian/test/arquillian-test-spi/1.9.4.Final/arquillian-test-spi-1.9.4.Final.jar:/Users/sims/.m2/repository/org/jboss/arquillian/core/arquillian-core-spi/1.9.4.Final/arquillian-core-spi-1.9.4.Final.jar:/Users/sims/.m2/repository/org/jboss/arquillian/container/arquillian-container-test-api/1.9.4.Final/arquillian-container-test-api-1.9.4.Final.jar:/Users/sims/.m2/repository/org/jboss/shrinkwrap/shrinkwrap-api/1.2.6/shrinkwrap-api-1.2.6.jar:/Users/sims/.m2/repository/org/jboss/shrinkwrap/descriptors/shrinkwrap-descriptors-api-base/2.0.0/shrinkwrap-descriptors-api-base-2.0.0.jar:/Users/sims/.m2/repository/org/jboss/arquillian/container/arquillian-container-test-spi/1.9.4.Final/arquillian-container-test-spi-1.9.4.Final.jar:/Users/sims/.m2/repository/org/jboss/arquillian/container/arquillian-container-spi/1.9.4.Final/arquillian-container-spi-1.9.4.Final.jar:/Users/sims/.m2/repository/org/jboss/arquillian/core/arquillian-core-impl-base/1.9.4.Final/arquillian-core-impl-base-1.9.4.Final.jar:/Users/sims/.m2/repository/org/jboss/arquillian/test/arquillian-test-impl-base/1.9.4.Final/arquillian-test-impl-base-1.9.4.Final.jar:/Users/sims/.m2/repository/org/jboss/arquillian/container/arquillian-container-impl-base/1.9.4.Final/arquillian-container-impl-base-1.9.4.Final.jar:/Users/sims/.m2/repository/org/jboss/arquillian/config/arquillian-config-api/1.9.4.Final/arquillian-config-api-1.9.4.Final.jar:/Users/sims/.m2/repository/org/jboss/arquillian/config/arquillian-config-impl-base/1.9.4.Final/arquillian-config-impl-base-1.9.4.Final.jar:/Users/sims/.m2/repository/org/jboss/arquillian/config/arquillian-config-spi/1.9.4.Final/arquillian-config-spi-1.9.4.Final.jar:/Users/sims/.m2/repository/org/jboss/shrinkwrap/descriptors/shrinkwrap-descriptors-spi/2.0.0/shrinkwrap-descriptors-spi-2.0.0.jar:/Users/sims/.m2/repository/org/jboss/arquillian/container/arquillian-container-test-impl-base/1.9.4.Final/arquillian-container-test-impl-base-1.9.4.Final.jar:/Users/sims/.m2/repository/org/jboss/arquillian/junit5/arquillian-junit5-core/1.9.4.Final/arquillian-junit5-core-1.9.4.Final.jar:/Users/sims/.m2/repository/org/jboss/shrinkwrap/shrinkwrap-impl-base/1.2.6/shrinkwrap-impl-base-1.2.6.jar:/Users/sims/.m2/repository/org/jboss/shrinkwrap/shrinkwrap-spi/1.2.6/shrinkwrap-spi-1.2.6.jar:/Users/sims/.m2/repository/org/wildfly/arquillian/wildfly-arquillian-container-managed/5.1.0.Beta11/wildfly-arquillian-container-managed-5.1.0.Beta11.jar:/Users/sims/.m2/repository/org/wildfly/arquillian/wildfly-arquillian-common/5.1.0.Beta11/wildfly-arquillian-common-5.1.0.Beta11.jar:/Users/sims/.m2/repository/org/jboss/arquillian/testenricher/arquillian-testenricher-cdi-jakarta/10.0.0.Final/arquillian-testenricher-cdi-jakarta-10.0.0.Final.jar:/Users/sims/.m2/repository/org/jboss/arquillian/testenricher/arquillian-testenricher-ejb-jakarta/10.0.0.Final/arquillian-testenricher-ejb-jakarta-10.0.0.Final.jar:/Users/sims/.m2/repository/org/jboss/arquillian/testenricher/arquillian-testenricher-initialcontext/1.9.4.Final/arquillian-testenricher-initialcontext-1.9.4.Final.jar:/Users/sims/.m2/repository/org/jboss/arquillian/testenricher/arquillian-testenricher-resource-jakarta/10.0.0.Final/arquillian-testenricher-resource-jakarta-10.0.0.Final.jar:/Users/sims/.m2/repository/org/jboss/arquillian/protocol/arquillian-protocol-servlet-jakarta/10.0.0.Final/arquillian-protocol-servlet-jakarta-10.0.0.Final.jar:/Users/sims/.m2/repository/org/slf4j/slf4j-api/2.0.16/slf4j-api-2.0.16.jar:/Users/sims/.m2/repository/org/wildfly/core/wildfly-controller-client/28.0.1.Final/wildfly-controller-client-28.0.1.Final.jar:/Users/sims/.m2/repository/org/wildfly/core/wildfly-protocol/28.0.1.Final/wildfly-protocol-28.0.1.Final.jar:/Users/sims/.m2/repository/org/jboss/modules/jboss-modules/2.1.6.Final/jboss-modules-2.1.6.Final.jar:/Users/sims/.m2/repository/org/jboss/remoting/jboss-remoting/5.0.31.Final/jboss-remoting-5.0.31.Final.jar:/Users/sims/.m2/repository/org/wildfly/security/wildfly-elytron-sasl-auth-util/2.6.4.Final/wildfly-elytron-sasl-auth-util-2.6.4.Final.jar:/Users/sims/.m2/repository/org/wildfly/security/wildfly-elytron-auth-server/2.6.4.Final/wildfly-elytron-auth-server-2.6.4.Final.jar:/Users/sims/.m2/repository/org/wildfly/security/wildfly-elytron-credential/2.6.4.Final/wildfly-elytron-credential-2.6.4.Final.jar:/Users/sims/.m2/repository/org/wildfly/security/wildfly-elytron-x500/2.6.4.Final/wildfly-elytron-x500-2.6.4.Final.jar:/Users/sims/.m2/repository/org/wildfly/security/wildfly-elytron-auth-server-deprecated/2.6.4.Final/wildfly-elytron-auth-server-deprecated-2.6.4.Final.jar:/Users/sims/.m2/repository/org/wildfly/security/wildfly-elytron-http/2.6.4.Final/wildfly-elytron-http-2.6.4.Final.jar:/Users/sims/.m2/repository/org/wildfly/security/wildfly-elytron-auth-server-http/2.6.4.Final/wildfly-elytron-auth-server-http-2.6.4.Final.jar:/Users/sims/.m2/repository/org/wildfly/security/wildfly-elytron-auth-server-sasl/2.6.4.Final/wildfly-elytron-auth-server-sasl-2.6.4.Final.jar:/Users/sims/.m2/repository/org/wildfly/security/wildfly-elytron-client/2.6.4.Final/wildfly-elytron-client-2.6.4.Final.jar:/Users/sims/.m2/repository/org/wildfly/security/wildfly-elytron-auth-util/2.6.4.Final/wildfly-elytron-auth-util-2.6.4.Final.jar:/Users/sims/.m2/repository/org/apache/sshd/sshd-common/2.15.0/sshd-common-2.15.0.jar:/Users/sims/.m2/repository/org/wildfly/security/wildfly-elytron-credential-source-impl/2.6.4.Final/wildfly-elytron-credential-source-impl-2.6.4.Final.jar:/Users/sims/.m2/repository/org/wildfly/security/wildfly-elytron-credential-store/2.6.4.Final/wildfly-elytron-credential-store-2.6.4.Final.jar:/Users/sims/.m2/repository/org/wildfly/security/wildfly-elytron-keystore/2.6.4.Final/wildfly-elytron-keystore-2.6.4.Final.jar:/Users/sims/.m2/repository/org/wildfly/security/wildfly-elytron-x500-cert/2.6.4.Final/wildfly-elytron-x500-cert-2.6.4.Final.jar:/Users/sims/.m2/repository/org/wildfly/security/wildfly-elytron-x500-cert-util/2.6.4.Final/wildfly-elytron-x500-cert-util-2.6.4.Final.jar:/Users/sims/.m2/repository/org/wildfly/security/wildfly-elytron-mechanism/2.6.4.Final/wildfly-elytron-mechanism-2.6.4.Final.jar:/Users/sims/.m2/repository/org/wildfly/security/wildfly-elytron-mechanism-gssapi/2.6.4.Final/wildfly-elytron-mechanism-gssapi-2.6.4.Final.jar:/Users/sims/.m2/repository/org/wildfly/security/wildfly-elytron-password-impl/2.6.4.Final/wildfly-elytron-password-impl-2.6.4.Final.jar:/Users/sims/.m2/repository/org/wildfly/security/wildfly-elytron-provider-util/2.6.4.Final/wildfly-elytron-provider-util-2.6.4.Final.jar:/Users/sims/.m2/repository/org/wildfly/security/wildfly-elytron-ssh-util/2.6.4.Final/wildfly-elytron-ssh-util-2.6.4.Final.jar:/Users/sims/.m2/repository/org/wildfly/security/wildfly-elytron-permission/2.6.4.Final/wildfly-elytron-permission-2.6.4.Final.jar:/Users/sims/.m2/repository/org/wildfly/security/wildfly-elytron-sasl/2.6.4.Final/wildfly-elytron-sasl-2.6.4.Final.jar:/Users/sims/.m2/repository/org/wildfly/security/wildfly-elytron-ssl/2.6.4.Final/wildfly-elytron-ssl-2.6.4.Final.jar:/Users/sims/.m2/repository/org/wildfly/security/wildfly-elytron-sasl-anonymous/2.6.4.Final/wildfly-elytron-sasl-anonymous-2.6.4.Final.jar:/Users/sims/.m2/repository/org/wildfly/security/wildfly-elytron-sasl-localuser/2.6.4.Final/wildfly-elytron-sasl-localuser-2.6.4.Final.jar:/Users/sims/.m2/repository/org/wildfly/security/wildfly-elytron-realm/2.6.4.Final/wildfly-elytron-realm-2.6.4.Final.jar:/Users/sims/.m2/repository/org/wildfly/security/wildfly-elytron-encryption/2.6.4.Final/wildfly-elytron-encryption-2.6.4.Final.jar:/Users/sims/.m2/repository/org/jboss/xnio/xnio-api/3.8.16.Final/xnio-api-3.8.16.Final.jar:/Users/sims/.m2/repository/org/jboss/xnio/xnio-nio/3.8.16.Final/xnio-nio-3.8.16.Final.jar:/Users/sims/.m2/repository/org/jboss/jboss-dmr/1.7.0.Final/jboss-dmr-1.7.0.Final.jar:/Users/sims/.m2/repository/org/jboss/threads/jboss-threads/2.4.0.Final/jboss-threads-2.4.0.Final.jar:/Users/sims/.m2/repository/org/wildfly/security/wildfly-elytron-auth/2.6.4.Final/wildfly-elytron-auth-2.6.4.Final.jar:/Users/sims/.m2/repository/org/wildfly/security/wildfly-elytron-util/2.6.4.Final/wildfly-elytron-util-2.6.4.Final.jar:/Users/sims/.m2/repository/org/wildfly/security/wildfly-elytron-asn1/2.6.4.Final/wildfly-elytron-asn1-2.6.4.Final.jar:/Users/sims/.m2/repository/org/wildfly/security/wildfly-elytron-base/2.6.4.Final/wildfly-elytron-base-2.6.4.Final.jar:/Users/sims/.m2/repository/org/wildfly/security/wildfly-elytron-security-manager/2.6.4.Final/wildfly-elytron-security-manager-2.6.4.Final.jar:/Users/sims/.m2/repository/org/wildfly/security/wildfly-elytron-security-manager-action/2.6.4.Final/wildfly-elytron-security-manager-action-2.6.4.Final.jar:/Users/sims/.m2/repository/org/jboss/shrinkwrap/descriptors/shrinkwrap-descriptors-impl-base/2.0.0/shrinkwrap-descriptors-impl-base-2.0.0.jar:/Users/sims/.m2/repository/org/wildfly/arquillian/wildfly-testing-tools/5.1.0.Beta11/wildfly-testing-tools-5.1.0.Beta11.jar:/Users/sims/.m2/repository/org/wildfly/plugins/wildfly-plugin-tools/1.2.1.Final/wildfly-plugin-tools-1.2.1.Final.jar:/Users/sims/.m2/repository/org/jboss/logging/jboss-logging/3.6.1.Final/jboss-logging-3.6.1.Final.jar:/Users/sims/.m2/repository/org/jboss/remotingjmx/remoting-jmx/3.1.0.Final/remoting-jmx-3.1.0.Final.jar:/Users/sims/.m2/repository/org/jboss/marshalling/jboss-marshalling/2.2.3.Final/jboss-marshalling-2.2.3.Final.jar:/Users/sims/.m2/repository/org/jboss/marshalling/jboss-marshalling-river/2.2.3.Final/jboss-marshalling-river-2.2.3.Final.jar:/Users/sims/.m2/repository/org/wildfly/client/wildfly-client-config/1.0.1.Final/wildfly-client-config-1.0.1.Final.jar:/Users/sims/.m2/repository/org/wildfly/common/wildfly-common/1.7.0.Final/wildfly-common-1.7.0.Final.jar:/Users/sims/.m2/repository/org/wildfly/launcher/wildfly-launcher/1.0.2.Final/wildfly-launcher-1.0.2.Final.jar:/Users/sims/.m2/repository/org/jboss/resteasy/resteasy-client/6.2.12.Final/resteasy-client-6.2.12.Final.jar:/Users/sims/.m2/repository/org/jboss/resteasy/resteasy-client-api/6.2.12.Final/resteasy-client-api-6.2.12.Final.jar:/Users/sims/.m2/repository/org/jboss/resteasy/resteasy-core-spi/6.2.12.Final/resteasy-core-spi-6.2.12.Final.jar:/Users/sims/.m2/repository/jakarta/xml/bind/jakarta.xml.bind-api/4.0.2/jakarta.xml.bind-api-4.0.2.jar:/Users/sims/.m2/repository/jakarta/validation/jakarta.validation-api/3.0.2/jakarta.validation-api-3.0.2.jar:/Users/sims/.m2/repository/org/jboss/resteasy/resteasy-core/6.2.12.Final/resteasy-core-6.2.12.Final.jar:/Users/sims/.m2/repository/org/jboss/jandex/2.4.5.Final/jandex-2.4.5.Final.jar:/Users/sims/.m2/repository/jakarta/activation/jakarta.activation-api/2.1.3/jakarta.activation-api-2.1.3.jar:/Users/sims/.m2/repository/org/eclipse/angus/angus-activation/2.0.2/angus-activation-2.0.2.jar:/Users/sims/.m2/repository/com/ibm/async/asyncutil/0.1.0/asyncutil-0.1.0.jar:/Users/sims/.m2/repository/org/apache/httpcomponents/httpclient/4.5.14/httpclient-4.5.14.jar:/Users/sims/.m2/repository/org/apache/httpcomponents/httpcore/4.4.16/httpcore-4.4.16.jar:/Users/sims/.m2/repository/commons-codec/commons-codec/1.17.2/commons-codec-1.17.2.jar:/Users/sims/.m2/repository/org/reactivestreams/reactive-streams/1.0.4/reactive-streams-1.0.4.jar:/Users/sims/.m2/repository/org/jboss/logging/commons-logging-jboss-logging/1.0.0.Final/commons-logging-jboss-logging-1.0.0.Final.jar:"/>
    <property name="env.HOME" value="/Users/sims"/>
    <property name="env.COMMAND_MODE" value="unix2003"/>
    <property name="java.vm.vendor" value="Homebrew"/>
    <property name="user.timezone" value="Africa/Johannesburg"/>
    <property name="os.name" value="Mac OS X"/>
    <property name="java.vm.specification.version" value="24"/>
    <property name="user.country" value="ZA"/>
    <property name="sun.java.launcher" value="SUN_STANDARD"/>
    <property name="surefire.test.class.path" value="/Users/sims/getting-started/target/test-classes:/Users/sims/getting-started/target/classes:/Users/sims/.m2/repository/jakarta/enterprise/jakarta.enterprise.cdi-api/4.0.1/jakarta.enterprise.cdi-api-4.0.1.jar:/Users/sims/.m2/repository/jakarta/enterprise/jakarta.enterprise.lang-model/4.0.1/jakarta.enterprise.lang-model-4.0.1.jar:/Users/sims/.m2/repository/jakarta/annotation/jakarta.annotation-api/2.1.1/jakarta.annotation-api-2.1.1.jar:/Users/sims/.m2/repository/jakarta/el/jakarta.el-api/5.0.0/jakarta.el-api-5.0.0.jar:/Users/sims/.m2/repository/jakarta/interceptor/jakarta.interceptor-api/2.1.0/jakarta.interceptor-api-2.1.0.jar:/Users/sims/.m2/repository/jakarta/inject/jakarta.inject-api/2.0.1/jakarta.inject-api-2.0.1.jar:/Users/sims/.m2/repository/jakarta/ws/rs/jakarta.ws.rs-api/3.1.0/jakarta.ws.rs-api-3.1.0.jar:/Users/sims/.m2/repository/org/junit/jupiter/junit-jupiter/5.12.2/junit-jupiter-5.12.2.jar:/Users/sims/.m2/repository/org/junit/jupiter/junit-jupiter-api/5.12.2/junit-jupiter-api-5.12.2.jar:/Users/sims/.m2/repository/org/opentest4j/opentest4j/1.3.0/opentest4j-1.3.0.jar:/Users/sims/.m2/repository/org/junit/platform/junit-platform-commons/1.12.2/junit-platform-commons-1.12.2.jar:/Users/sims/.m2/repository/org/apiguardian/apiguardian-api/1.1.2/apiguardian-api-1.1.2.jar:/Users/sims/.m2/repository/org/junit/jupiter/junit-jupiter-params/5.12.2/junit-jupiter-params-5.12.2.jar:/Users/sims/.m2/repository/org/junit/jupiter/junit-jupiter-engine/5.12.2/junit-jupiter-engine-5.12.2.jar:/Users/sims/.m2/repository/org/junit/platform/junit-platform-engine/1.12.2/junit-platform-engine-1.12.2.jar:/Users/sims/.m2/repository/org/jboss/arquillian/junit5/arquillian-junit5-container/1.9.4.Final/arquillian-junit5-container-1.9.4.Final.jar:/Users/sims/.m2/repository/org/jboss/arquillian/test/arquillian-test-api/1.9.4.Final/arquillian-test-api-1.9.4.Final.jar:/Users/sims/.m2/repository/org/jboss/arquillian/core/arquillian-core-api/1.9.4.Final/arquillian-core-api-1.9.4.Final.jar:/Users/sims/.m2/repository/org/jboss/arquillian/test/arquillian-test-spi/1.9.4.Final/arquillian-test-spi-1.9.4.Final.jar:/Users/sims/.m2/repository/org/jboss/arquillian/core/arquillian-core-spi/1.9.4.Final/arquillian-core-spi-1.9.4.Final.jar:/Users/sims/.m2/repository/org/jboss/arquillian/container/arquillian-container-test-api/1.9.4.Final/arquillian-container-test-api-1.9.4.Final.jar:/Users/sims/.m2/repository/org/jboss/shrinkwrap/shrinkwrap-api/1.2.6/shrinkwrap-api-1.2.6.jar:/Users/sims/.m2/repository/org/jboss/shrinkwrap/descriptors/shrinkwrap-descriptors-api-base/2.0.0/shrinkwrap-descriptors-api-base-2.0.0.jar:/Users/sims/.m2/repository/org/jboss/arquillian/container/arquillian-container-test-spi/1.9.4.Final/arquillian-container-test-spi-1.9.4.Final.jar:/Users/sims/.m2/repository/org/jboss/arquillian/container/arquillian-container-spi/1.9.4.Final/arquillian-container-spi-1.9.4.Final.jar:/Users/sims/.m2/repository/org/jboss/arquillian/core/arquillian-core-impl-base/1.9.4.Final/arquillian-core-impl-base-1.9.4.Final.jar:/Users/sims/.m2/repository/org/jboss/arquillian/test/arquillian-test-impl-base/1.9.4.Final/arquillian-test-impl-base-1.9.4.Final.jar:/Users/sims/.m2/repository/org/jboss/arquillian/container/arquillian-container-impl-base/1.9.4.Final/arquillian-container-impl-base-1.9.4.Final.jar:/Users/sims/.m2/repository/org/jboss/arquillian/config/arquillian-config-api/1.9.4.Final/arquillian-config-api-1.9.4.Final.jar:/Users/sims/.m2/repository/org/jboss/arquillian/config/arquillian-config-impl-base/1.9.4.Final/arquillian-config-impl-base-1.9.4.Final.jar:/Users/sims/.m2/repository/org/jboss/arquillian/config/arquillian-config-spi/1.9.4.Final/arquillian-config-spi-1.9.4.Final.jar:/Users/sims/.m2/repository/org/jboss/shrinkwrap/descriptors/shrinkwrap-descriptors-spi/2.0.0/shrinkwrap-descriptors-spi-2.0.0.jar:/Users/sims/.m2/repository/org/jboss/arquillian/container/arquillian-container-test-impl-base/1.9.4.Final/arquillian-container-test-impl-base-1.9.4.Final.jar:/Users/sims/.m2/repository/org/jboss/arquillian/junit5/arquillian-junit5-core/1.9.4.Final/arquillian-junit5-core-1.9.4.Final.jar:/Users/sims/.m2/repository/org/jboss/shrinkwrap/shrinkwrap-impl-base/1.2.6/shrinkwrap-impl-base-1.2.6.jar:/Users/sims/.m2/repository/org/jboss/shrinkwrap/shrinkwrap-spi/1.2.6/shrinkwrap-spi-1.2.6.jar:/Users/sims/.m2/repository/org/wildfly/arquillian/wildfly-arquillian-container-managed/5.1.0.Beta11/wildfly-arquillian-container-managed-5.1.0.Beta11.jar:/Users/sims/.m2/repository/org/wildfly/arquillian/wildfly-arquillian-common/5.1.0.Beta11/wildfly-arquillian-common-5.1.0.Beta11.jar:/Users/sims/.m2/repository/org/jboss/arquillian/testenricher/arquillian-testenricher-cdi-jakarta/10.0.0.Final/arquillian-testenricher-cdi-jakarta-10.0.0.Final.jar:/Users/sims/.m2/repository/org/jboss/arquillian/testenricher/arquillian-testenricher-ejb-jakarta/10.0.0.Final/arquillian-testenricher-ejb-jakarta-10.0.0.Final.jar:/Users/sims/.m2/repository/org/jboss/arquillian/testenricher/arquillian-testenricher-initialcontext/1.9.4.Final/arquillian-testenricher-initialcontext-1.9.4.Final.jar:/Users/sims/.m2/repository/org/jboss/arquillian/testenricher/arquillian-testenricher-resource-jakarta/10.0.0.Final/arquillian-testenricher-resource-jakarta-10.0.0.Final.jar:/Users/sims/.m2/repository/org/jboss/arquillian/protocol/arquillian-protocol-servlet-jakarta/10.0.0.Final/arquillian-protocol-servlet-jakarta-10.0.0.Final.jar:/Users/sims/.m2/repository/org/slf4j/slf4j-api/2.0.16/slf4j-api-2.0.16.jar:/Users/sims/.m2/repository/org/wildfly/core/wildfly-controller-client/28.0.1.Final/wildfly-controller-client-28.0.1.Final.jar:/Users/sims/.m2/repository/org/wildfly/core/wildfly-protocol/28.0.1.Final/wildfly-protocol-28.0.1.Final.jar:/Users/sims/.m2/repository/org/jboss/modules/jboss-modules/2.1.6.Final/jboss-modules-2.1.6.Final.jar:/Users/sims/.m2/repository/org/jboss/remoting/jboss-remoting/5.0.31.Final/jboss-remoting-5.0.31.Final.jar:/Users/sims/.m2/repository/org/wildfly/security/wildfly-elytron-sasl-auth-util/2.6.4.Final/wildfly-elytron-sasl-auth-util-2.6.4.Final.jar:/Users/sims/.m2/repository/org/wildfly/security/wildfly-elytron-auth-server/2.6.4.Final/wildfly-elytron-auth-server-2.6.4.Final.jar:/Users/sims/.m2/repository/org/wildfly/security/wildfly-elytron-credential/2.6.4.Final/wildfly-elytron-credential-2.6.4.Final.jar:/Users/sims/.m2/repository/org/wildfly/security/wildfly-elytron-x500/2.6.4.Final/wildfly-elytron-x500-2.6.4.Final.jar:/Users/sims/.m2/repository/org/wildfly/security/wildfly-elytron-auth-server-deprecated/2.6.4.Final/wildfly-elytron-auth-server-deprecated-2.6.4.Final.jar:/Users/sims/.m2/repository/org/wildfly/security/wildfly-elytron-http/2.6.4.Final/wildfly-elytron-http-2.6.4.Final.jar:/Users/sims/.m2/repository/org/wildfly/security/wildfly-elytron-auth-server-http/2.6.4.Final/wildfly-elytron-auth-server-http-2.6.4.Final.jar:/Users/sims/.m2/repository/org/wildfly/security/wildfly-elytron-auth-server-sasl/2.6.4.Final/wildfly-elytron-auth-server-sasl-2.6.4.Final.jar:/Users/sims/.m2/repository/org/wildfly/security/wildfly-elytron-client/2.6.4.Final/wildfly-elytron-client-2.6.4.Final.jar:/Users/sims/.m2/repository/org/wildfly/security/wildfly-elytron-auth-util/2.6.4.Final/wildfly-elytron-auth-util-2.6.4.Final.jar:/Users/sims/.m2/repository/org/apache/sshd/sshd-common/2.15.0/sshd-common-2.15.0.jar:/Users/sims/.m2/repository/org/wildfly/security/wildfly-elytron-credential-source-impl/2.6.4.Final/wildfly-elytron-credential-source-impl-2.6.4.Final.jar:/Users/sims/.m2/repository/org/wildfly/security/wildfly-elytron-credential-store/2.6.4.Final/wildfly-elytron-credential-store-2.6.4.Final.jar:/Users/sims/.m2/repository/org/wildfly/security/wildfly-elytron-keystore/2.6.4.Final/wildfly-elytron-keystore-2.6.4.Final.jar:/Users/sims/.m2/repository/org/wildfly/security/wildfly-elytron-x500-cert/2.6.4.Final/wildfly-elytron-x500-cert-2.6.4.Final.jar:/Users/sims/.m2/repository/org/wildfly/security/wildfly-elytron-x500-cert-util/2.6.4.Final/wildfly-elytron-x500-cert-util-2.6.4.Final.jar:/Users/sims/.m2/repository/org/wildfly/security/wildfly-elytron-mechanism/2.6.4.Final/wildfly-elytron-mechanism-2.6.4.Final.jar:/Users/sims/.m2/repository/org/wildfly/security/wildfly-elytron-mechanism-gssapi/2.6.4.Final/wildfly-elytron-mechanism-gssapi-2.6.4.Final.jar:/Users/sims/.m2/repository/org/wildfly/security/wildfly-elytron-password-impl/2.6.4.Final/wildfly-elytron-password-impl-2.6.4.Final.jar:/Users/sims/.m2/repository/org/wildfly/security/wildfly-elytron-provider-util/2.6.4.Final/wildfly-elytron-provider-util-2.6.4.Final.jar:/Users/sims/.m2/repository/org/wildfly/security/wildfly-elytron-ssh-util/2.6.4.Final/wildfly-elytron-ssh-util-2.6.4.Final.jar:/Users/sims/.m2/repository/org/wildfly/security/wildfly-elytron-permission/2.6.4.Final/wildfly-elytron-permission-2.6.4.Final.jar:/Users/sims/.m2/repository/org/wildfly/security/wildfly-elytron-sasl/2.6.4.Final/wildfly-elytron-sasl-2.6.4.Final.jar:/Users/sims/.m2/repository/org/wildfly/security/wildfly-elytron-ssl/2.6.4.Final/wildfly-elytron-ssl-2.6.4.Final.jar:/Users/sims/.m2/repository/org/wildfly/security/wildfly-elytron-sasl-anonymous/2.6.4.Final/wildfly-elytron-sasl-anonymous-2.6.4.Final.jar:/Users/sims/.m2/repository/org/wildfly/security/wildfly-elytron-sasl-localuser/2.6.4.Final/wildfly-elytron-sasl-localuser-2.6.4.Final.jar:/Users/sims/.m2/repository/org/wildfly/security/wildfly-elytron-realm/2.6.4.Final/wildfly-elytron-realm-2.6.4.Final.jar:/Users/sims/.m2/repository/org/wildfly/security/wildfly-elytron-encryption/2.6.4.Final/wildfly-elytron-encryption-2.6.4.Final.jar:/Users/sims/.m2/repository/org/jboss/xnio/xnio-api/3.8.16.Final/xnio-api-3.8.16.Final.jar:/Users/sims/.m2/repository/org/jboss/xnio/xnio-nio/3.8.16.Final/xnio-nio-3.8.16.Final.jar:/Users/sims/.m2/repository/org/jboss/jboss-dmr/1.7.0.Final/jboss-dmr-1.7.0.Final.jar:/Users/sims/.m2/repository/org/jboss/threads/jboss-threads/2.4.0.Final/jboss-threads-2.4.0.Final.jar:/Users/sims/.m2/repository/org/wildfly/security/wildfly-elytron-auth/2.6.4.Final/wildfly-elytron-auth-2.6.4.Final.jar:/Users/sims/.m2/repository/org/wildfly/security/wildfly-elytron-util/2.6.4.Final/wildfly-elytron-util-2.6.4.Final.jar:/Users/sims/.m2/repository/org/wildfly/security/wildfly-elytron-asn1/2.6.4.Final/wildfly-elytron-asn1-2.6.4.Final.jar:/Users/sims/.m2/repository/org/wildfly/security/wildfly-elytron-base/2.6.4.Final/wildfly-elytron-base-2.6.4.Final.jar:/Users/sims/.m2/repository/org/wildfly/security/wildfly-elytron-security-manager/2.6.4.Final/wildfly-elytron-security-manager-2.6.4.Final.jar:/Users/sims/.m2/repository/org/wildfly/security/wildfly-elytron-security-manager-action/2.6.4.Final/wildfly-elytron-security-manager-action-2.6.4.Final.jar:/Users/sims/.m2/repository/org/jboss/shrinkwrap/descriptors/shrinkwrap-descriptors-impl-base/2.0.0/shrinkwrap-descriptors-impl-base-2.0.0.jar:/Users/sims/.m2/repository/org/wildfly/arquillian/wildfly-testing-tools/5.1.0.Beta11/wildfly-testing-tools-5.1.0.Beta11.jar:/Users/sims/.m2/repository/org/wildfly/plugins/wildfly-plugin-tools/1.2.1.Final/wildfly-plugin-tools-1.2.1.Final.jar:/Users/sims/.m2/repository/org/jboss/logging/jboss-logging/3.6.1.Final/jboss-logging-3.6.1.Final.jar:/Users/sims/.m2/repository/org/jboss/remotingjmx/remoting-jmx/3.1.0.Final/remoting-jmx-3.1.0.Final.jar:/Users/sims/.m2/repository/org/jboss/marshalling/jboss-marshalling/2.2.3.Final/jboss-marshalling-2.2.3.Final.jar:/Users/sims/.m2/repository/org/jboss/marshalling/jboss-marshalling-river/2.2.3.Final/jboss-marshalling-river-2.2.3.Final.jar:/Users/sims/.m2/repository/org/wildfly/client/wildfly-client-config/1.0.1.Final/wildfly-client-config-1.0.1.Final.jar:/Users/sims/.m2/repository/org/wildfly/common/wildfly-common/1.7.0.Final/wildfly-common-1.7.0.Final.jar:/Users/sims/.m2/repository/org/wildfly/launcher/wildfly-launcher/1.0.2.Final/wildfly-launcher-1.0.2.Final.jar:/Users/sims/.m2/repository/org/jboss/resteasy/resteasy-client/6.2.12.Final/resteasy-client-6.2.12.Final.jar:/Users/sims/.m2/repository/org/jboss/resteasy/resteasy-client-api/6.2.12.Final/resteasy-client-api-6.2.12.Final.jar:/Users/sims/.m2/repository/org/jboss/resteasy/resteasy-core-spi/6.2.12.Final/resteasy-core-spi-6.2.12.Final.jar:/Users/sims/.m2/repository/jakarta/xml/bind/jakarta.xml.bind-api/4.0.2/jakarta.xml.bind-api-4.0.2.jar:/Users/sims/.m2/repository/jakarta/validation/jakarta.validation-api/3.0.2/jakarta.validation-api-3.0.2.jar:/Users/sims/.m2/repository/org/jboss/resteasy/resteasy-core/6.2.12.Final/resteasy-core-6.2.12.Final.jar:/Users/sims/.m2/repository/org/jboss/jandex/2.4.5.Final/jandex-2.4.5.Final.jar:/Users/sims/.m2/repository/jakarta/activation/jakarta.activation-api/2.1.3/jakarta.activation-api-2.1.3.jar:/Users/sims/.m2/repository/org/eclipse/angus/angus-activation/2.0.2/angus-activation-2.0.2.jar:/Users/sims/.m2/repository/com/ibm/async/asyncutil/0.1.0/asyncutil-0.1.0.jar:/Users/sims/.m2/repository/org/apache/httpcomponents/httpclient/4.5.14/httpclient-4.5.14.jar:/Users/sims/.m2/repository/org/apache/httpcomponents/httpcore/4.4.16/httpcore-4.4.16.jar:/Users/sims/.m2/repository/commons-codec/commons-codec/1.17.2/commons-codec-1.17.2.jar:/Users/sims/.m2/repository/org/reactivestreams/reactive-streams/1.0.4/reactive-streams-1.0.4.jar:/Users/sims/.m2/repository/org/jboss/logging/commons-logging-jboss-logging/1.0.0.Final/commons-logging-jboss-logging-1.0.0.Final.jar:"/>
    <property name="sun.cpu.endian" value="little"/>
    <property name="user.home" value="/Users/sims"/>
    <property name="user.language" value="en"/>
    <property name="env.NVM_DIR" value="/Users/sims/.nvm"/>
    <property name="env.ZSH" value="/Users/sims/.oh-my-zsh"/>
    <property name="env.COLORTERM" value="truecolor"/>
    <property name="apple.awt.application.name" value="ForkedBooter"/>
    <property name="surefire.real.class.path" value="/Users/sims/getting-started/target/surefire/surefirebooter-20250825091209320_3.jar"/>
    <property name="env.ITERM_SESSION_ID" value="w0t0p0:7AA5665A-9B37-4A98-87F4-44492DF0A226"/>
    <property name="env.ITERM_PROFILE" value="Default"/>
    <property name="env.XPC_SERVICE_NAME" value="0"/>
    <property name="stdout.encoding" value="UTF-8"/>
    <property name="path.separator" value=":"/>
    <property name="os.version" value="15.7"/>
    <property name="java.runtime.name" value="OpenJDK Runtime Environment"/>
    <property name="sun.nio.ch.bugLevel" value=""/>
    <property name="java.vm.name" value="OpenJDK 64-Bit Server VM"/>
    <property name="env.SHELL" value="/bin/zsh"/>
    <property name="env.NVM_CD_FLAGS" value="-q"/>
    <property name="java.vendor.url.bug" value="https://github.com/Homebrew/homebrew-core/issues"/>
    <property name="env.MAVEN_CMD_LINE_ARGS" value=" package verify"/>
    <property name="user.dir" value="/Users/sims/getting-started"/>
    <property name="os.arch" value="x86_64"/>
    <property name="env.TERM_FEATURES" value="T3LrMSc7UUw9Ts3BFGsSyHNoSxF"/>
    <property name="env.MAVEN_PROJECTBASEDIR" value="/Users/sims/getting-started"/>
    <property name="java.vm.info" value="mixed mode, sharing"/>
    <property name="java.vm.version" value="24.0.1"/>
    <property name="java.class.version" value="68.0"/>
    <property name="env.USER" value="sims"/>
  </properties>
  <testcase name="testService" classname="org.wildfly.examples.GettingStartedServiceIT" time="0.345">
    <system-out><![CDATA[&amp#27;[0m09:12:11,724 INFO  [org.jboss.modules] (main) JBoss Modules version 2.1.6.Final
&amp#27;[0mWARNING: A terminally deprecated method in sun.misc.Unsafe has been called
WARNING: sun.misc.Unsafe::objectFieldOffset has been called by org.wildfly.security.manager.WildFlySecurityManager (jar:file:/Users/sims/getting-started/target/server/modules/system/layers/base/org/wildfly/security/elytron-base/main/wildfly-elytron-security-manager-2.6.4.Final.jar!/)
WARNING: Please consider reporting this to the maintainers of class org.wildfly.security.manager.WildFlySecurityManager
WARNING: sun.misc.Unsafe::objectFieldOffset will be removed in a future release
&amp#27;[0m09:12:12,315 INFO  [org.jboss.msc] (main) JBoss MSC version 1.5.5.Final
&amp#27;[0m&amp#27;[0m09:12:12,325 INFO  [org.jboss.threads] (main) JBoss Threads version 2.4.0.Final
&amp#27;[0m&amp#27;[0m09:12:12,453 INFO  [org.jboss.as] (MSC service thread 1-1) WFLYSRV0049: WildFly 36.0.1.Final (WildFly Core 28.0.1.Final) starting
&amp#27;[0m&amp#27;[0m09:12:13,269 INFO  [org.wildfly.security] (Controller Boot Thread) ELY00001: WildFly Elytron version 2.6.4.Final
&amp#27;[0m&amp#27;[0m09:12:13,734 INFO  [org.jboss.as.repository] (ServerService Thread Pool -- 23) WFLYDR0001: Content added at location /Users/sims/getting-started/target/server/standalone/data/content/e7/50454eba0fc7dd9833ba76e5a2f9a4ad507c6e/content
&amp#27;[0m&amp#27;[0m09:12:13,765 INFO  [org.jboss.as.server] (Controller Boot Thread) WFLYSRV0039: Creating http management service using socket-binding (management-http)
&amp#27;[0m&amp#27;[0m09:12:13,779 INFO  [org.xnio] (MSC service thread 1-5) XNIO version 3.8.16.Final
&amp#27;[0m&amp#27;[0m09:12:13,787 INFO  [org.xnio.nio] (MSC service thread 1-5) XNIO NIO Implementation Version 3.8.16.Final
&amp#27;[0m&amp#27;[0m09:12:13,808 INFO  [org.jboss.as.clustering.infinispan] (ServerService Thread Pool -- 40) WFLYCLINF0001: Activating Infinispan subsystem.
&amp#27;[0m&amp#27;[0m09:12:13,811 INFO  [org.wildfly.extension.health] (ServerService Thread Pool -- 39) WFLYHEALTH0001: Activating Base Health Subsystem
&amp#27;[0m&amp#27;[0m09:12:13,813 INFO  [org.wildfly.extension.microprofile.config.smallrye] (ServerService Thread Pool -- 48) WFLYCONF0001: Activating MicroProfile Config Subsystem
&amp#27;[0m&amp#27;[0m09:12:13,815 INFO  [org.jboss.as.jaxrs] (ServerService Thread Pool -- 42) WFLYRS0016: RESTEasy version 6.2.12.Final
&amp#27;[0m&amp#27;[0m09:12:13,816 INFO  [org.wildfly.extension.microprofile.telemetry] (ServerService Thread Pool -- 50) WFLYMPTEL0001: Activating MicroProfile Telemetry Subsystem
&amp#27;[0m&amp#27;[33m09:12:13,819 WARN  [org.jboss.as.txn] (ServerService Thread Pool -- 57) WFLYTX0013: The node-identifier attribute on the /subsystem=transactions is set to the default value. This is a danger for environments running multiple servers. Please make sure the attribute value is unique.
&amp#27;[0m&amp#27;[0m09:12:13,819 INFO  [org.jboss.as.naming] (ServerService Thread Pool -- 51) WFLYNAM0001: Activating Naming Subsystem
&amp#27;[0m&amp#27;[0m09:12:13,828 INFO  [org.wildfly.extension.microprofile.health.smallrye] (ServerService Thread Pool -- 49) WFLYMPHEALTH0001: Activating MicroProfile Health Subsystem
&amp#27;[0m&amp#27;[0m09:12:13,826 INFO  [org.wildfly.extension.metrics] (ServerService Thread Pool -- 47) WFLYMETRICS0001: Activating Base Metrics Subsystem
&amp#27;[0m&amp#27;[0m09:12:13,834 INFO  [org.wildfly.extension.io] (ServerService Thread Pool -- 41) WFLYIO001: Worker 'default' has auto-configured to 24 IO threads with 192 max task threads based on your 12 available processors
&amp#27;[0m&amp#27;[0m09:12:13,843 INFO  [org.jboss.as.connector] (MSC service thread 1-5) WFLYJCA0009: Starting Jakarta Connectors Subsystem (WildFly/IronJacamar 3.0.13.Final)
&amp#27;[0m&amp#27;[0m09:12:13,849 INFO  [org.jboss.as.server.deployment] (MSC service thread 1-4) WFLYSRV0027: Starting deployment of "ROOT.war" (runtime-name: "ROOT.war")
&amp#27;[0m&amp#27;[0m09:12:13,865 INFO  [org.jboss.remoting] (MSC service thread 1-5) JBoss Remoting version 5.0.31.Final
&amp#27;[0m&amp#27;[0m09:12:13,889 INFO  [org.jboss.as.naming] (MSC service thread 1-1) WFLYNAM0003: Starting Naming Service
&amp#27;[0m&amp#27;[0m09:12:13,889 INFO  [org.wildfly.extension.undertow] (MSC service thread 1-6) WFLYUT0003: Undertow 2.3.18.Final starting
&amp#27;[0m&amp#27;[33m09:12:13,897 WARN  [org.wildfly.extension.elytron] (MSC service thread 1-1) WFLYELY00023: KeyStore file '/Users/sims/getting-started/target/server/standalone/configuration/application.keystore' does not exist. Used blank.
&amp#27;[0m&amp#27;[33m09:12:13,911 WARN  [org.wildfly.extension.elytron] (MSC service thread 1-3) WFLYELY01084: KeyStore /Users/sims/getting-started/target/server/standalone/configuration/application.keystore not found, it will be auto-generated on first use with a self-signed certificate for host localhost
&amp#27;[0m&amp#27;[0m09:12:13,935 INFO  [org.wildfly.extension.undertow] (MSC service thread 1-7) WFLYUT0012: Started server default-server.
&amp#27;[0m&amp#27;[0m09:12:13,937 INFO  [org.wildfly.extension.undertow] (MSC service thread 1-2) Queuing requests.
&amp#27;[0m&amp#27;[0m09:12:13,939 INFO  [org.wildfly.extension.undertow] (MSC service thread 1-2) WFLYUT0018: Host default-host starting
&amp#27;[0m&amp#27;[33m09:12:14,011 WARN  [org.jboss.as.domain.http.api.undertow] (MSC service thread 1-8) WFLYDMHTTP0003: Unable to load console module for slot main, disabling console
&amp#27;[0m&amp#27;[0m09:12:14,012 INFO  [org.jboss.as.server.deployment.scanner] (MSC service thread 1-4) WFLYDS0013: Started FileSystemDeploymentService for directory /Users/sims/getting-started/target/server/standalone/deployments
&amp#27;[0m&amp#27;[0m09:12:14,049 INFO  [org.wildfly.extension.undertow] (MSC service thread 1-1) WFLYUT0006: Undertow HTTP listener default listening on 127.0.0.1:8080
&amp#27;[0m&amp#27;[0m09:12:14,517 INFO  [org.jboss.weld.deployer] (MSC service thread 1-5) WFLYWELD0003: Processing weld deployment ROOT.war
&amp#27;[0m&amp#27;[0m09:12:14,630 INFO  [org.hibernate.validator.internal.util.Version] (MSC service thread 1-5) HV000001: Hibernate Validator 8.0.2.Final
&amp#27;[0m&amp#27;[0m09:12:14,946 INFO  [org.jboss.weld.Version] (MSC service thread 1-8) WELD-000900: 5.1.5 (Final)
&amp#27;[0m&amp#27;[0m09:12:16,285 INFO  [org.jboss.resteasy.resteasy_jaxrs.i18n] (ServerService Thread Pool -- 61) RESTEASY002225: Deploying jakarta.ws.rs.core.Application: class org.wildfly.examples.GettingStartedApplication
&amp#27;[0m&amp#27;[0m09:12:16,334 INFO  [org.wildfly.extension.undertow] (ServerService Thread Pool -- 61) WFLYUT0021: Registered web context: '/' for server 'default-server'
&amp#27;[0m&amp#27;[0m09:12:16,347 INFO  [org.wildfly.extension.metrics] (Controller Boot Thread) WFLYMETRICS0006: Additional metrics systems discovered while configuring WildFly Metrics: OpenTelemetry Metrics. Please refer to the documentation for more information.
&amp#27;[0m&amp#27;[0m09:12:16,378 INFO  [org.jboss.as.server] (ServerService Thread Pool -- 35) WFLYSRV0010: Deployed "ROOT.war" (runtime-name : "ROOT.war")
&amp#27;[0m&amp#27;[0m09:12:16,410 INFO  [org.jboss.as.server] (Controller Boot Thread) WFLYSRV0212: Resuming server
&amp#27;[0m&amp#27;[0m09:12:16,416 INFO  [org.jboss.as] (Controller Boot Thread) WFLYSRV0060: Http management interface listening on http://127.0.0.1:9990/management
&amp#27;[0m&amp#27;[0m09:12:16,416 INFO  [org.jboss.as] (Controller Boot Thread) WFLYSRV0054: Admin console is not enabled
&amp#27;[0m&amp#27;[0m09:12:16,417 INFO  [org.jboss.as] (Controller Boot Thread) WFLYSRV0025: WildFly 36.0.1.Final (WildFly Core 28.0.1.Final) started in 5423ms - Started 295 of 376 services (146 services are lazy, passive or on-demand) - Server configuration file in use: standalone.xml - Minimum feature stability level: community
&amp#27;[0m&amp#27;[0m09:12:17,567 INFO  [org.jboss.as.repository] (management-handler-thread - 1) WFLYDR0001: Content added at location /Users/sims/getting-started/target/server/standalone/data/content/4c/51587c3136310c4e3cb22b6ec6515f44bafe54/content
&amp#27;[0m&amp#27;[0m09:12:17,572 INFO  [org.jboss.as.server.deployment] (MSC service thread 1-3) WFLYSRV0027: Starting deployment of "GettingStartedServiceIT.war" (runtime-name: "GettingStartedServiceIT.war")
&amp#27;[0m&amp#27;[0m09:12:18,125 INFO  [org.jboss.weld.deployer] (MSC service thread 1-6) WFLYWELD0003: Processing weld deployment GettingStartedServiceIT.war
&amp#27;[0m&amp#27;[0m09:12:18,370 INFO  [org.wildfly.extension.undertow] (ServerService Thread Pool -- 23) WFLYUT0021: Registered web context: '/GettingStartedServiceIT' for server 'default-server'
&amp#27;[0m&amp#27;[0m09:12:18,405 INFO  [org.jboss.as.server] (management-handler-thread - 1) WFLYSRV0010: Deployed "GettingStartedServiceIT.war" (runtime-name : "GettingStartedServiceIT.war")
&amp#27;[0m]]></system-out>
    <system-err><![CDATA[Aug 25, 2025 9:12:10 AM org.jboss.threads.Version <clinit>
INFO: JBoss Threads version 2.4.0.Final
Aug 25, 2025 9:12:10 AM org.jboss.as.arquillian.container.CommonManagedDeployableContainer startInternal
INFO: Starting container with: [/usr/local/opt/openjdk/libexec/openjdk.jdk/Contents/Home/bin/java, -D[Standalone], -Xms64m, -Xmx512m, -Djava.net.preferIPv4Stack=true, -Djava.awt.headless=true, -Djboss.modules.system.pkgs=org.jboss.byteman, -ea, -Djboss.home.dir=/Users/sims/getting-started/target/server, --add-exports=java.desktop/sun.awt=ALL-UNNAMED, --add-exports=java.naming/com.sun.jndi.ldap=ALL-UNNAMED, --add-exports=java.naming/com.sun.jndi.url.ldap=ALL-UNNAMED, --add-exports=java.naming/com.sun.jndi.url.ldaps=ALL-UNNAMED, --add-exports=jdk.naming.dns/com.sun.jndi.dns=ALL-UNNAMED, --add-opens=java.base/java.lang=ALL-UNNAMED, --add-opens=java.base/java.lang.invoke=ALL-UNNAMED, --add-opens=java.base/java.lang.reflect=ALL-UNNAMED, --add-opens=java.base/java.io=ALL-UNNAMED, --add-opens=java.base/java.net=ALL-UNNAMED, --add-opens=java.base/java.security=ALL-UNNAMED, --add-opens=java.base/java.util=ALL-UNNAMED, --add-opens=java.base/java.util.concurrent=ALL-UNNAMED, --add-opens=java.management/javax.management=ALL-UNNAMED, --add-opens=java.naming/javax.naming=ALL-UNNAMED, --add-modules=java.se, -Djboss.home.dir=/Users/sims/getting-started/target/server, -Djboss.server.base.dir=/Users/sims/getting-started/target/server/standalone, -Djboss.server.log.dir=/Users/sims/getting-started/target/server/standalone/log, -Djboss.server.config.dir=/Users/sims/getting-started/target/server/standalone/configuration, -Dorg.jboss.boot.log.file=/Users/sims/getting-started/target/server/standalone/log/server.log, -Dlogging.configuration=file:/Users/sims/getting-started/target/server/standalone/configuration/logging.properties, -jar, /Users/sims/getting-started/target/server/jboss-modules.jar, -mp, /Users/sims/getting-started/target/server/modules, org.jboss.as.standalone]
Aug 25, 2025 9:12:11 AM org.jboss.remoting3.EndpointImpl <clinit>
INFO: JBoss Remoting version 5.0.31.Final
Aug 25, 2025 9:12:11 AM org.xnio.Xnio <clinit>
INFO: XNIO version 3.8.16.Final
Aug 25, 2025 9:12:11 AM org.xnio.nio.NioXnio <clinit>
INFO: XNIO NIO Implementation Version 3.8.16.Final
Aug 25, 2025 9:12:11 AM org.wildfly.security.Version <clinit>
INFO: ELY00001: WildFly Elytron version 2.6.4.Final
]]></system-err>
  </testcase>
</testsuite>