<?xml version="1.0" encoding="UTF-8"?>
<testsuite xmlns:xsi="http://www.w3.org/2001/XMLSchema-instance" xsi:noNamespaceSchemaLocation="https://maven.apache.org/surefire/maven-failsafe-plugin/xsd/failsafe-test-report.xsd" version="3.0.2" name="org.wildfly.examples.GettingStartedServiceIT" time="0.78" tests="1" errors="1" skipped="0" failures="0">
  <properties>
    <property name="env.TERM" value="xterm-256color"/>
    <property name="env.PWD" value="/Users/sims/getting-started"/>
    <property name="java.specification.version" value="24"/>
    <property name="env.LANG" value="en_ZA.UTF-8"/>
    <property name="sun.jnu.encoding" value="UTF-8"/>
    <property name="env.PAGER" value="less"/>
    <property name="java.class.path" value="/Users/sims/getting-started/target/test-classes:/Users/sims/getting-started/target/classes:/Users/sims/.m2/repository/jakarta/enterprise/jakarta.enterprise.cdi-api/4.0.1/jakarta.enterprise.cdi-api-4.0.1.jar:/Users/sims/.m2/repository/jakarta/enterprise/jakarta.enterprise.lang-model/4.0.1/jakarta.enterprise.lang-model-4.0.1.jar:/Users/sims/.m2/repository/jakarta/annotation/jakarta.annotation-api/2.1.1/jakarta.annotation-api-2.1.1.jar:/Users/sims/.m2/repository/jakarta/el/jakarta.el-api/5.0.0/jakarta.el-api-5.0.0.jar:/Users/sims/.m2/repository/jakarta/interceptor/jakarta.interceptor-api/2.1.0/jakarta.interceptor-api-2.1.0.jar:/Users/sims/.m2/repository/jakarta/inject/jakarta.inject-api/2.0.1/jakarta.inject-api-2.0.1.jar:/Users/sims/.m2/repository/jakarta/ws/rs/jakarta.ws.rs-api/3.1.0/jakarta.ws.rs-api-3.1.0.jar:/Users/sims/.m2/repository/org/junit/jupiter/junit-jupiter/5.12.2/junit-jupiter-5.12.2.jar:/Users/sims/.m2/repository/org/junit/jupiter/junit-jupiter-api/5.12.2/junit-jupiter-api-5.12.2.jar:/Users/sims/.m2/repository/org/opentest4j/opentest4j/1.3.0/opentest4j-1.3.0.jar:/Users/sims/.m2/repository/org/junit/platform/junit-platform-commons/1.12.2/junit-platform-commons-1.12.2.jar:/Users/sims/.m2/repository/org/apiguardian/apiguardian-api/1.1.2/apiguardian-api-1.1.2.jar:/Users/sims/.m2/repository/org/junit/jupiter/junit-jupiter-params/5.12.2/junit-jupiter-params-5.12.2.jar:/Users/sims/.m2/repository/org/junit/jupiter/junit-jupiter-engine/5.12.2/junit-jupiter-engine-5.12.2.jar:/Users/sims/.m2/repository/org/junit/platform/junit-platform-engine/1.12.2/junit-platform-engine-1.12.2.jar:/Users/sims/.m2/repository/org/jboss/arquillian/junit5/arquillian-junit5-container/1.9.4.Final/arquillian-junit5-container-1.9.4.Final.jar:/Users/sims/.m2/repository/org/jboss/arquillian/test/arquillian-test-api/1.9.4.Final/arquillian-test-api-1.9.4.Final.jar:/Users/sims/.m2/repository/org/jboss/arquillian/core/arquillian-core-api/1.9.4.Final/arquillian-core-api-1.9.4.Final.jar:/Users/sims/.m2/repository/org/jboss/arquillian/test/arquillian-test-spi/1.9.4.Final/arquillian-test-spi-1.9.4.Final.jar:/Users/sims/.m2/repository/org/jboss/arquillian/core/arquillian-core-spi/1.9.4.Final/arquillian-core-spi-1.9.4.Final.jar:/Users/sims/.m2/repository/org/jboss/arquillian/container/arquillian-container-test-api/1.9.4.Final/arquillian-container-test-api-1.9.4.Final.jar:/Users/sims/.m2/repository/org/jboss/shrinkwrap/shrinkwrap-api/1.2.6/shrinkwrap-api-1.2.6.jar:/Users/sims/.m2/repository/org/jboss/shrinkwrap/descriptors/shrinkwrap-descriptors-api-base/2.0.0/shrinkwrap-descriptors-api-base-2.0.0.jar:/Users/sims/.m2/repository/org/jboss/arquillian/container/arquillian-container-test-spi/1.9.4.Final/arquillian-container-test-spi-1.9.4.Final.jar:/Users/sims/.m2/repository/org/jboss/arquillian/container/arquillian-container-spi/1.9.4.Final/arquillian-container-spi-1.9.4.Final.jar:/Users/sims/.m2/repository/org/jboss/arquillian/core/arquillian-core-impl-base/1.9.4.Final/arquillian-core-impl-base-1.9.4.Final.jar:/Users/sims/.m2/repository/org/jboss/arquillian/test/arquillian-test-impl-base/1.9.4.Final/arquillian-test-impl-base-1.9.4.Final.jar:/Users/sims/.m2/repository/org/jboss/arquillian/container/arquillian-container-impl-base/1.9.4.Final/arquillian-container-impl-base-1.9.4.Final.jar:/Users/sims/.m2/repository/org/jboss/arquillian/config/arquillian-config-api/1.9.4.Final/arquillian-config-api-1.9.4.Final.jar:/Users/sims/.m2/repository/org/jboss/arquillian/config/arquillian-config-impl-base/1.9.4.Final/arquillian-config-impl-base-1.9.4.Final.jar:/Users/sims/.m2/repository/org/jboss/arquillian/config/arquillian-config-spi/1.9.4.Final/arquillian-config-spi-1.9.4.Final.jar:/Users/sims/.m2/repository/org/jboss/shrinkwrap/descriptors/shrinkwrap-descriptors-spi/2.0.0/shrinkwrap-descriptors-spi-2.0.0.jar:/Users/sims/.m2/repository/org/jboss/arquillian/container/arquillian-container-test-impl-base/1.9.4.Final/arquillian-container-test-impl-base-1.9.4.Final.jar:/Users/sims/.m2/repository/org/jboss/arquillian/junit5/arquillian-junit5-core/1.9.4.Final/arquillian-junit5-core-1.9.4.Final.jar:/Users/sims/.m2/repository/org/jboss/shrinkwrap/shrinkwrap-impl-base/1.2.6/shrinkwrap-impl-base-1.2.6.jar:/Users/sims/.m2/repository/org/jboss/shrinkwrap/shrinkwrap-spi/1.2.6/shrinkwrap-spi-1.2.6.jar:/Users/sims/.m2/repository/org/wildfly/arquillian/wildfly-arquillian-container-managed/5.1.0.Beta11/wildfly-arquillian-container-managed-5.1.0.Beta11.jar:/Users/sims/.m2/repository/org/wildfly/arquillian/wildfly-arquillian-common/5.1.0.Beta11/wildfly-arquillian-common-5.1.0.Beta11.jar:/Users/sims/.m2/repository/org/jboss/arquillian/testenricher/arquillian-testenricher-cdi-jakarta/10.0.0.Final/arquillian-testenricher-cdi-jakarta-10.0.0.Final.jar:/Users/sims/.m2/repository/org/jboss/arquillian/testenricher/arquillian-testenricher-ejb-jakarta/10.0.0.Final/arquillian-testenricher-ejb-jakarta-10.0.0.Final.jar:/Users/sims/.m2/repository/org/jboss/arquillian/testenricher/arquillian-testenricher-initialcontext/1.9.4.Final/arquillian-testenricher-initialcontext-1.9.4.Final.jar:/Users/sims/.m2/repository/org/jboss/arquillian/testenricher/arquillian-testenricher-resource-jakarta/10.0.0.Final/arquillian-testenricher-resource-jakarta-10.0.0.Final.jar:/Users/sims/.m2/repository/org/jboss/arquillian/protocol/arquillian-protocol-servlet-jakarta/10.0.0.Final/arquillian-protocol-servlet-jakarta-10.0.0.Final.jar:/Users/sims/.m2/repository/org/slf4j/slf4j-api/2.0.16/slf4j-api-2.0.16.jar:/Users/sims/.m2/repository/org/wildfly/core/wildfly-controller-client/28.0.1.Final/wildfly-controller-client-28.0.1.Final.jar:/Users/sims/.m2/repository/org/wildfly/core/wildfly-protocol/28.0.1.Final/wildfly-protocol-28.0.1.Final.jar:/Users/sims/.m2/repository/org/jboss/modules/jboss-modules/2.1.6.Final/jboss-modules-2.1.6.Final.jar:/Users/sims/.m2/repository/org/jboss/remoting/jboss-remoting/5.0.31.Final/jboss-remoting-5.0.31.Final.jar:/Users/sims/.m2/repository/org/wildfly/security/wildfly-elytron-sasl-auth-util/2.6.4.Final/wildfly-elytron-sasl-auth-util-2.6.4.Final.jar:/Users/sims/.m2/repository/org/wildfly/security/wildfly-elytron-auth-server/2.6.4.Final/wildfly-elytron-auth-server-2.6.4.Final.jar:/Users/sims/.m2/repository/org/wildfly/security/wildfly-elytron-credential/2.6.4.Final/wildfly-elytron-credential-2.6.4.Final.jar:/Users/sims/.m2/repository/org/wildfly/security/wildfly-elytron-x500/2.6.4.Final/wildfly-elytron-x500-2.6.4.Final.jar:/Users/sims/.m2/repository/org/wildfly/security/wildfly-elytron-auth-server-deprecated/2.6.4.Final/wildfly-elytron-auth-server-deprecated-2.6.4.Final.jar:/Users/sims/.m2/repository/org/wildfly/security/wildfly-elytron-http/2.6.4.Final/wildfly-elytron-http-2.6.4.Final.jar:/Users/sims/.m2/repository/org/wildfly/security/wildfly-elytron-auth-server-http/2.6.4.Final/wildfly-elytron-auth-server-http-2.6.4.Final.jar:/Users/sims/.m2/repository/org/wildfly/security/wildfly-elytron-auth-server-sasl/2.6.4.Final/wildfly-elytron-auth-server-sasl-2.6.4.Final.jar:/Users/sims/.m2/repository/org/wildfly/security/wildfly-elytron-client/2.6.4.Final/wildfly-elytron-client-2.6.4.Final.jar:/Users/sims/.m2/repository/org/wildfly/security/wildfly-elytron-auth-util/2.6.4.Final/wildfly-elytron-auth-util-2.6.4.Final.jar:/Users/sims/.m2/repository/org/apache/sshd/sshd-common/2.15.0/sshd-common-2.15.0.jar:/Users/sims/.m2/repository/org/wildfly/security/wildfly-elytron-credential-source-impl/2.6.4.Final/wildfly-elytron-credential-source-impl-2.6.4.Final.jar:/Users/sims/.m2/repository/org/wildfly/security/wildfly-elytron-credential-store/2.6.4.Final/wildfly-elytron-credential-store-2.6.4.Final.jar:/Users/sims/.m2/repository/org/wildfly/security/wildfly-elytron-keystore/2.6.4.Final/wildfly-elytron-keystore-2.6.4.Final.jar:/Users/sims/.m2/repository/org/wildfly/security/wildfly-elytron-x500-cert/2.6.4.Final/wildfly-elytron-x500-cert-2.6.4.Final.jar:/Users/sims/.m2/repository/org/wildfly/security/wildfly-elytron-x500-cert-util/2.6.4.Final/wildfly-elytron-x500-cert-util-2.6.4.Final.jar:/Users/sims/.m2/repository/org/wildfly/security/wildfly-elytron-mechanism/2.6.4.Final/wildfly-elytron-mechanism-2.6.4.Final.jar:/Users/sims/.m2/repository/org/wildfly/security/wildfly-elytron-mechanism-gssapi/2.6.4.Final/wildfly-elytron-mechanism-gssapi-2.6.4.Final.jar:/Users/sims/.m2/repository/org/wildfly/security/wildfly-elytron-password-impl/2.6.4.Final/wildfly-elytron-password-impl-2.6.4.Final.jar:/Users/sims/.m2/repository/org/wildfly/security/wildfly-elytron-provider-util/2.6.4.Final/wildfly-elytron-provider-util-2.6.4.Final.jar:/Users/sims/.m2/repository/org/wildfly/security/wildfly-elytron-ssh-util/2.6.4.Final/wildfly-elytron-ssh-util-2.6.4.Final.jar:/Users/sims/.m2/repository/org/wildfly/security/wildfly-elytron-permission/2.6.4.Final/wildfly-elytron-permission-2.6.4.Final.jar:/Users/sims/.m2/repository/org/wildfly/security/wildfly-elytron-sasl/2.6.4.Final/wildfly-elytron-sasl-2.6.4.Final.jar:/Users/sims/.m2/repository/org/wildfly/security/wildfly-elytron-ssl/2.6.4.Final/wildfly-elytron-ssl-2.6.4.Final.jar:/Users/sims/.m2/repository/org/wildfly/security/wildfly-elytron-sasl-anonymous/2.6.4.Final/wildfly-elytron-sasl-anonymous-2.6.4.Final.jar:/Users/sims/.m2/repository/org/wildfly/security/wildfly-elytron-sasl-localuser/2.6.4.Final/wildfly-elytron-sasl-localuser-2.6.4.Final.jar:/Users/sims/.m2/repository/org/wildfly/security/wildfly-elytron-realm/2.6.4.Final/wildfly-elytron-realm-2.6.4.Final.jar:/Users/sims/.m2/repository/org/wildfly/security/wildfly-elytron-encryption/2.6.4.Final/wildfly-elytron-encryption-2.6.4.Final.jar:/Users/sims/.m2/repository/org/jboss/xnio/xnio-api/3.8.16.Final/xnio-api-3.8.16.Final.jar:/Users/sims/.m2/repository/org/jboss/xnio/xnio-nio/3.8.16.Final/xnio-nio-3.8.16.Final.jar:/Users/sims/.m2/repository/org/jboss/jboss-dmr/1.7.0.Final/jboss-dmr-1.7.0.Final.jar:/Users/sims/.m2/repository/org/jboss/threads/jboss-threads/2.4.0.Final/jboss-threads-2.4.0.Final.jar:/Users/sims/.m2/repository/org/wildfly/security/wildfly-elytron-auth/2.6.4.Final/wildfly-elytron-auth-2.6.4.Final.jar:/Users/sims/.m2/repository/org/wildfly/security/wildfly-elytron-util/2.6.4.Final/wildfly-elytron-util-2.6.4.Final.jar:/Users/sims/.m2/repository/org/wildfly/security/wildfly-elytron-asn1/2.6.4.Final/wildfly-elytron-asn1-2.6.4.Final.jar:/Users/sims/.m2/repository/org/wildfly/security/wildfly-elytron-base/2.6.4.Final/wildfly-elytron-base-2.6.4.Final.jar:/Users/sims/.m2/repository/org/wildfly/security/wildfly-elytron-security-manager/2.6.4.Final/wildfly-elytron-security-manager-2.6.4.Final.jar:/Users/sims/.m2/repository/org/wildfly/security/wildfly-elytron-security-manager-action/2.6.4.Final/wildfly-elytron-security-manager-action-2.6.4.Final.jar:/Users/sims/.m2/repository/org/jboss/shrinkwrap/descriptors/shrinkwrap-descriptors-impl-base/2.0.0/shrinkwrap-descriptors-impl-base-2.0.0.jar:/Users/sims/.m2/repository/org/wildfly/arquillian/wildfly-testing-tools/5.1.0.Beta11/wildfly-testing-tools-5.1.0.Beta11.jar:/Users/sims/.m2/repository/org/wildfly/plugins/wildfly-plugin-tools/1.2.1.Final/wildfly-plugin-tools-1.2.1.Final.jar:/Users/sims/.m2/repository/org/jboss/logging/jboss-logging/3.6.1.Final/jboss-logging-3.6.1.Final.jar:/Users/sims/.m2/repository/org/jboss/remotingjmx/remoting-jmx/3.1.0.Final/remoting-jmx-3.1.0.Final.jar:/Users/sims/.m2/repository/org/jboss/marshalling/jboss-marshalling/2.2.3.Final/jboss-marshalling-2.2.3.Final.jar:/Users/sims/.m2/repository/org/jboss/marshalling/jboss-marshalling-river/2.2.3.Final/jboss-marshalling-river-2.2.3.Final.jar:/Users/sims/.m2/repository/org/wildfly/client/wildfly-client-config/1.0.1.Final/wildfly-client-config-1.0.1.Final.jar:/Users/sims/.m2/repository/org/wildfly/common/wildfly-common/1.7.0.Final/wildfly-common-1.7.0.Final.jar:/Users/sims/.m2/repository/org/wildfly/launcher/wildfly-launcher/1.0.2.Final/wildfly-launcher-1.0.2.Final.jar:/Users/sims/.m2/repository/org/jboss/resteasy/resteasy-client/6.2.12.Final/resteasy-client-6.2.12.Final.jar:/Users/sims/.m2/repository/org/jboss/resteasy/resteasy-client-api/6.2.12.Final/resteasy-client-api-6.2.12.Final.jar:/Users/sims/.m2/repository/org/jboss/resteasy/resteasy-core-spi/6.2.12.Final/resteasy-core-spi-6.2.12.Final.jar:/Users/sims/.m2/repository/jakarta/xml/bind/jakarta.xml.bind-api/4.0.2/jakarta.xml.bind-api-4.0.2.jar:/Users/sims/.m2/repository/jakarta/validation/jakarta.validation-api/3.0.2/jakarta.validation-api-3.0.2.jar:/Users/sims/.m2/repository/org/jboss/resteasy/resteasy-core/6.2.12.Final/resteasy-core-6.2.12.Final.jar:/Users/sims/.m2/repository/org/jboss/jandex/2.4.5.Final/jandex-2.4.5.Final.jar:/Users/sims/.m2/repository/jakarta/activation/jakarta.activation-api/2.1.3/jakarta.activation-api-2.1.3.jar:/Users/sims/.m2/repository/org/eclipse/angus/angus-activation/2.0.2/angus-activation-2.0.2.jar:/Users/sims/.m2/repository/com/ibm/async/asyncutil/0.1.0/asyncutil-0.1.0.jar:/Users/sims/.m2/repository/org/apache/httpcomponents/httpclient/4.5.14/httpclient-4.5.14.jar:/Users/sims/.m2/repository/org/apache/httpcomponents/httpcore/4.4.16/httpcore-4.4.16.jar:/Users/sims/.m2/repository/commons-codec/commons-codec/1.17.2/commons-codec-1.17.2.jar:/Users/sims/.m2/repository/org/reactivestreams/reactive-streams/1.0.4/reactive-streams-1.0.4.jar:/Users/sims/.m2/repository/org/jboss/logging/commons-logging-jboss-logging/1.0.0.Final/commons-logging-jboss-logging-1.0.0.Final.jar:/Users/sims/.m2/repository/javax/servlet/javax.servlet-api/4.0.1/javax.servlet-api-4.0.1.jar:"/>
    <property name="env.HOME" value="/Users/sims"/>
    <property name="env.COMMAND_MODE" value="unix2003"/>
    <property name="java.vm.vendor" value="Homebrew"/>
    <property name="sun.arch.data.model" value="64"/>
    <property name="java.vendor.url" value="https://github.com/Homebrew/homebrew-core/issues"/>
    <property name="user.timezone" value="Africa/Johannesburg"/>
    <property name="java.vm.specification.version" value="24"/>
    <property name="os.name" value="Mac OS X"/>
    <property name="env.NVM_INC" value="/Users/sims/.nvm/versions/node/v0.12.18/include/node"/>
    <property name="sun.java.launcher" value="SUN_STANDARD"/>
    <property name="user.country" value="ZA"/>
    <property name="env.COLORFGBG" value="15;0"/>
    <property name="sun.boot.library.path" value="/usr/local/Cellar/openjdk/24.0.1/libexec/openjdk.jdk/Contents/Home/lib"/>
    <property name="sun.java.command" value="/Users/sims/getting-started/target/surefire/surefirebooter-20250826215100117_3.jar /Users/sims/getting-started/target/surefire 2025-08-26T21-51-00_013-jvmRun1 surefire-20250826215100117_1tmp surefire_0-20250826215100117_2tmp"/>
    <property name="jdk.debug" value="release"/>
    <property name="surefire.test.class.path" value="/Users/sims/getting-started/target/test-classes:/Users/sims/getting-started/target/classes:/Users/sims/.m2/repository/jakarta/enterprise/jakarta.enterprise.cdi-api/4.0.1/jakarta.enterprise.cdi-api-4.0.1.jar:/Users/sims/.m2/repository/jakarta/enterprise/jakarta.enterprise.lang-model/4.0.1/jakarta.enterprise.lang-model-4.0.1.jar:/Users/sims/.m2/repository/jakarta/annotation/jakarta.annotation-api/2.1.1/jakarta.annotation-api-2.1.1.jar:/Users/sims/.m2/repository/jakarta/el/jakarta.el-api/5.0.0/jakarta.el-api-5.0.0.jar:/Users/sims/.m2/repository/jakarta/interceptor/jakarta.interceptor-api/2.1.0/jakarta.interceptor-api-2.1.0.jar:/Users/sims/.m2/repository/jakarta/inject/jakarta.inject-api/2.0.1/jakarta.inject-api-2.0.1.jar:/Users/sims/.m2/repository/jakarta/ws/rs/jakarta.ws.rs-api/3.1.0/jakarta.ws.rs-api-3.1.0.jar:/Users/sims/.m2/repository/org/junit/jupiter/junit-jupiter/5.12.2/junit-jupiter-5.12.2.jar:/Users/sims/.m2/repository/org/junit/jupiter/junit-jupiter-api/5.12.2/junit-jupiter-api-5.12.2.jar:/Users/sims/.m2/repository/org/opentest4j/opentest4j/1.3.0/opentest4j-1.3.0.jar:/Users/sims/.m2/repository/org/junit/platform/junit-platform-commons/1.12.2/junit-platform-commons-1.12.2.jar:/Users/sims/.m2/repository/org/apiguardian/apiguardian-api/1.1.2/apiguardian-api-1.1.2.jar:/Users/sims/.m2/repository/org/junit/jupiter/junit-jupiter-params/5.12.2/junit-jupiter-params-5.12.2.jar:/Users/sims/.m2/repository/org/junit/jupiter/junit-jupiter-engine/5.12.2/junit-jupiter-engine-5.12.2.jar:/Users/sims/.m2/repository/org/junit/platform/junit-platform-engine/1.12.2/junit-platform-engine-1.12.2.jar:/Users/sims/.m2/repository/org/jboss/arquillian/junit5/arquillian-junit5-container/1.9.4.Final/arquillian-junit5-container-1.9.4.Final.jar:/Users/sims/.m2/repository/org/jboss/arquillian/test/arquillian-test-api/1.9.4.Final/arquillian-test-api-1.9.4.Final.jar:/Users/sims/.m2/repository/org/jboss/arquillian/core/arquillian-core-api/1.9.4.Final/arquillian-core-api-1.9.4.Final.jar:/Users/sims/.m2/repository/org/jboss/arquillian/test/arquillian-test-spi/1.9.4.Final/arquillian-test-spi-1.9.4.Final.jar:/Users/sims/.m2/repository/org/jboss/arquillian/core/arquillian-core-spi/1.9.4.Final/arquillian-core-spi-1.9.4.Final.jar:/Users/sims/.m2/repository/org/jboss/arquillian/container/arquillian-container-test-api/1.9.4.Final/arquillian-container-test-api-1.9.4.Final.jar:/Users/sims/.m2/repository/org/jboss/shrinkwrap/shrinkwrap-api/1.2.6/shrinkwrap-api-1.2.6.jar:/Users/sims/.m2/repository/org/jboss/shrinkwrap/descriptors/shrinkwrap-descriptors-api-base/2.0.0/shrinkwrap-descriptors-api-base-2.0.0.jar:/Users/sims/.m2/repository/org/jboss/arquillian/container/arquillian-container-test-spi/1.9.4.Final/arquillian-container-test-spi-1.9.4.Final.jar:/Users/sims/.m2/repository/org/jboss/arquillian/container/arquillian-container-spi/1.9.4.Final/arquillian-container-spi-1.9.4.Final.jar:/Users/sims/.m2/repository/org/jboss/arquillian/core/arquillian-core-impl-base/1.9.4.Final/arquillian-core-impl-base-1.9.4.Final.jar:/Users/sims/.m2/repository/org/jboss/arquillian/test/arquillian-test-impl-base/1.9.4.Final/arquillian-test-impl-base-1.9.4.Final.jar:/Users/sims/.m2/repository/org/jboss/arquillian/container/arquillian-container-impl-base/1.9.4.Final/arquillian-container-impl-base-1.9.4.Final.jar:/Users/sims/.m2/repository/org/jboss/arquillian/config/arquillian-config-api/1.9.4.Final/arquillian-config-api-1.9.4.Final.jar:/Users/sims/.m2/repository/org/jboss/arquillian/config/arquillian-config-impl-base/1.9.4.Final/arquillian-config-impl-base-1.9.4.Final.jar:/Users/sims/.m2/repository/org/jboss/arquillian/config/arquillian-config-spi/1.9.4.Final/arquillian-config-spi-1.9.4.Final.jar:/Users/sims/.m2/repository/org/jboss/shrinkwrap/descriptors/shrinkwrap-descriptors-spi/2.0.0/shrinkwrap-descriptors-spi-2.0.0.jar:/Users/sims/.m2/repository/org/jboss/arquillian/container/arquillian-container-test-impl-base/1.9.4.Final/arquillian-container-test-impl-base-1.9.4.Final.jar:/Users/sims/.m2/repository/org/jboss/arquillian/junit5/arquillian-junit5-core/1.9.4.Final/arquillian-junit5-core-1.9.4.Final.jar:/Users/sims/.m2/repository/org/jboss/shrinkwrap/shrinkwrap-impl-base/1.2.6/shrinkwrap-impl-base-1.2.6.jar:/Users/sims/.m2/repository/org/jboss/shrinkwrap/shrinkwrap-spi/1.2.6/shrinkwrap-spi-1.2.6.jar:/Users/sims/.m2/repository/org/wildfly/arquillian/wildfly-arquillian-container-managed/5.1.0.Beta11/wildfly-arquillian-container-managed-5.1.0.Beta11.jar:/Users/sims/.m2/repository/org/wildfly/arquillian/wildfly-arquillian-common/5.1.0.Beta11/wildfly-arquillian-common-5.1.0.Beta11.jar:/Users/sims/.m2/repository/org/jboss/arquillian/testenricher/arquillian-testenricher-cdi-jakarta/10.0.0.Final/arquillian-testenricher-cdi-jakarta-10.0.0.Final.jar:/Users/sims/.m2/repository/org/jboss/arquillian/testenricher/arquillian-testenricher-ejb-jakarta/10.0.0.Final/arquillian-testenricher-ejb-jakarta-10.0.0.Final.jar:/Users/sims/.m2/repository/org/jboss/arquillian/testenricher/arquillian-testenricher-initialcontext/1.9.4.Final/arquillian-testenricher-initialcontext-1.9.4.Final.jar:/Users/sims/.m2/repository/org/jboss/arquillian/testenricher/arquillian-testenricher-resource-jakarta/10.0.0.Final/arquillian-testenricher-resource-jakarta-10.0.0.Final.jar:/Users/sims/.m2/repository/org/jboss/arquillian/protocol/arquillian-protocol-servlet-jakarta/10.0.0.Final/arquillian-protocol-servlet-jakarta-10.0.0.Final.jar:/Users/sims/.m2/repository/org/slf4j/slf4j-api/2.0.16/slf4j-api-2.0.16.jar:/Users/sims/.m2/repository/org/wildfly/core/wildfly-controller-client/28.0.1.Final/wildfly-controller-client-28.0.1.Final.jar:/Users/sims/.m2/repository/org/wildfly/core/wildfly-protocol/28.0.1.Final/wildfly-protocol-28.0.1.Final.jar:/Users/sims/.m2/repository/org/jboss/modules/jboss-modules/2.1.6.Final/jboss-modules-2.1.6.Final.jar:/Users/sims/.m2/repository/org/jboss/remoting/jboss-remoting/5.0.31.Final/jboss-remoting-5.0.31.Final.jar:/Users/sims/.m2/repository/org/wildfly/security/wildfly-elytron-sasl-auth-util/2.6.4.Final/wildfly-elytron-sasl-auth-util-2.6.4.Final.jar:/Users/sims/.m2/repository/org/wildfly/security/wildfly-elytron-auth-server/2.6.4.Final/wildfly-elytron-auth-server-2.6.4.Final.jar:/Users/sims/.m2/repository/org/wildfly/security/wildfly-elytron-credential/2.6.4.Final/wildfly-elytron-credential-2.6.4.Final.jar:/Users/sims/.m2/repository/org/wildfly/security/wildfly-elytron-x500/2.6.4.Final/wildfly-elytron-x500-2.6.4.Final.jar:/Users/sims/.m2/repository/org/wildfly/security/wildfly-elytron-auth-server-deprecated/2.6.4.Final/wildfly-elytron-auth-server-deprecated-2.6.4.Final.jar:/Users/sims/.m2/repository/org/wildfly/security/wildfly-elytron-http/2.6.4.Final/wildfly-elytron-http-2.6.4.Final.jar:/Users/sims/.m2/repository/org/wildfly/security/wildfly-elytron-auth-server-http/2.6.4.Final/wildfly-elytron-auth-server-http-2.6.4.Final.jar:/Users/sims/.m2/repository/org/wildfly/security/wildfly-elytron-auth-server-sasl/2.6.4.Final/wildfly-elytron-auth-server-sasl-2.6.4.Final.jar:/Users/sims/.m2/repository/org/wildfly/security/wildfly-elytron-client/2.6.4.Final/wildfly-elytron-client-2.6.4.Final.jar:/Users/sims/.m2/repository/org/wildfly/security/wildfly-elytron-auth-util/2.6.4.Final/wildfly-elytron-auth-util-2.6.4.Final.jar:/Users/sims/.m2/repository/org/apache/sshd/sshd-common/2.15.0/sshd-common-2.15.0.jar:/Users/sims/.m2/repository/org/wildfly/security/wildfly-elytron-credential-source-impl/2.6.4.Final/wildfly-elytron-credential-source-impl-2.6.4.Final.jar:/Users/sims/.m2/repository/org/wildfly/security/wildfly-elytron-credential-store/2.6.4.Final/wildfly-elytron-credential-store-2.6.4.Final.jar:/Users/sims/.m2/repository/org/wildfly/security/wildfly-elytron-keystore/2.6.4.Final/wildfly-elytron-keystore-2.6.4.Final.jar:/Users/sims/.m2/repository/org/wildfly/security/wildfly-elytron-x500-cert/2.6.4.Final/wildfly-elytron-x500-cert-2.6.4.Final.jar:/Users/sims/.m2/repository/org/wildfly/security/wildfly-elytron-x500-cert-util/2.6.4.Final/wildfly-elytron-x500-cert-util-2.6.4.Final.jar:/Users/sims/.m2/repository/org/wildfly/security/wildfly-elytron-mechanism/2.6.4.Final/wildfly-elytron-mechanism-2.6.4.Final.jar:/Users/sims/.m2/repository/org/wildfly/security/wildfly-elytron-mechanism-gssapi/2.6.4.Final/wildfly-elytron-mechanism-gssapi-2.6.4.Final.jar:/Users/sims/.m2/repository/org/wildfly/security/wildfly-elytron-password-impl/2.6.4.Final/wildfly-elytron-password-impl-2.6.4.Final.jar:/Users/sims/.m2/repository/org/wildfly/security/wildfly-elytron-provider-util/2.6.4.Final/wildfly-elytron-provider-util-2.6.4.Final.jar:/Users/sims/.m2/repository/org/wildfly/security/wildfly-elytron-ssh-util/2.6.4.Final/wildfly-elytron-ssh-util-2.6.4.Final.jar:/Users/sims/.m2/repository/org/wildfly/security/wildfly-elytron-permission/2.6.4.Final/wildfly-elytron-permission-2.6.4.Final.jar:/Users/sims/.m2/repository/org/wildfly/security/wildfly-elytron-sasl/2.6.4.Final/wildfly-elytron-sasl-2.6.4.Final.jar:/Users/sims/.m2/repository/org/wildfly/security/wildfly-elytron-ssl/2.6.4.Final/wildfly-elytron-ssl-2.6.4.Final.jar:/Users/sims/.m2/repository/org/wildfly/security/wildfly-elytron-sasl-anonymous/2.6.4.Final/wildfly-elytron-sasl-anonymous-2.6.4.Final.jar:/Users/sims/.m2/repository/org/wildfly/security/wildfly-elytron-sasl-localuser/2.6.4.Final/wildfly-elytron-sasl-localuser-2.6.4.Final.jar:/Users/sims/.m2/repository/org/wildfly/security/wildfly-elytron-realm/2.6.4.Final/wildfly-elytron-realm-2.6.4.Final.jar:/Users/sims/.m2/repository/org/wildfly/security/wildfly-elytron-encryption/2.6.4.Final/wildfly-elytron-encryption-2.6.4.Final.jar:/Users/sims/.m2/repository/org/jboss/xnio/xnio-api/3.8.16.Final/xnio-api-3.8.16.Final.jar:/Users/sims/.m2/repository/org/jboss/xnio/xnio-nio/3.8.16.Final/xnio-nio-3.8.16.Final.jar:/Users/sims/.m2/repository/org/jboss/jboss-dmr/1.7.0.Final/jboss-dmr-1.7.0.Final.jar:/Users/sims/.m2/repository/org/jboss/threads/jboss-threads/2.4.0.Final/jboss-threads-2.4.0.Final.jar:/Users/sims/.m2/repository/org/wildfly/security/wildfly-elytron-auth/2.6.4.Final/wildfly-elytron-auth-2.6.4.Final.jar:/Users/sims/.m2/repository/org/wildfly/security/wildfly-elytron-util/2.6.4.Final/wildfly-elytron-util-2.6.4.Final.jar:/Users/sims/.m2/repository/org/wildfly/security/wildfly-elytron-asn1/2.6.4.Final/wildfly-elytron-asn1-2.6.4.Final.jar:/Users/sims/.m2/repository/org/wildfly/security/wildfly-elytron-base/2.6.4.Final/wildfly-elytron-base-2.6.4.Final.jar:/Users/sims/.m2/repository/org/wildfly/security/wildfly-elytron-security-manager/2.6.4.Final/wildfly-elytron-security-manager-2.6.4.Final.jar:/Users/sims/.m2/repository/org/wildfly/security/wildfly-elytron-security-manager-action/2.6.4.Final/wildfly-elytron-security-manager-action-2.6.4.Final.jar:/Users/sims/.m2/repository/org/jboss/shrinkwrap/descriptors/shrinkwrap-descriptors-impl-base/2.0.0/shrinkwrap-descriptors-impl-base-2.0.0.jar:/Users/sims/.m2/repository/org/wildfly/arquillian/wildfly-testing-tools/5.1.0.Beta11/wildfly-testing-tools-5.1.0.Beta11.jar:/Users/sims/.m2/repository/org/wildfly/plugins/wildfly-plugin-tools/1.2.1.Final/wildfly-plugin-tools-1.2.1.Final.jar:/Users/sims/.m2/repository/org/jboss/logging/jboss-logging/3.6.1.Final/jboss-logging-3.6.1.Final.jar:/Users/sims/.m2/repository/org/jboss/remotingjmx/remoting-jmx/3.1.0.Final/remoting-jmx-3.1.0.Final.jar:/Users/sims/.m2/repository/org/jboss/marshalling/jboss-marshalling/2.2.3.Final/jboss-marshalling-2.2.3.Final.jar:/Users/sims/.m2/repository/org/jboss/marshalling/jboss-marshalling-river/2.2.3.Final/jboss-marshalling-river-2.2.3.Final.jar:/Users/sims/.m2/repository/org/wildfly/client/wildfly-client-config/1.0.1.Final/wildfly-client-config-1.0.1.Final.jar:/Users/sims/.m2/repository/org/wildfly/common/wildfly-common/1.7.0.Final/wildfly-common-1.7.0.Final.jar:/Users/sims/.m2/repository/org/wildfly/launcher/wildfly-launcher/1.0.2.Final/wildfly-launcher-1.0.2.Final.jar:/Users/sims/.m2/repository/org/jboss/resteasy/resteasy-client/6.2.12.Final/resteasy-client-6.2.12.Final.jar:/Users/sims/.m2/repository/org/jboss/resteasy/resteasy-client-api/6.2.12.Final/resteasy-client-api-6.2.12.Final.jar:/Users/sims/.m2/repository/org/jboss/resteasy/resteasy-core-spi/6.2.12.Final/resteasy-core-spi-6.2.12.Final.jar:/Users/sims/.m2/repository/jakarta/xml/bind/jakarta.xml.bind-api/4.0.2/jakarta.xml.bind-api-4.0.2.jar:/Users/sims/.m2/repository/jakarta/validation/jakarta.validation-api/3.0.2/jakarta.validation-api-3.0.2.jar:/Users/sims/.m2/repository/org/jboss/resteasy/resteasy-core/6.2.12.Final/resteasy-core-6.2.12.Final.jar:/Users/sims/.m2/repository/org/jboss/jandex/2.4.5.Final/jandex-2.4.5.Final.jar:/Users/sims/.m2/repository/jakarta/activation/jakarta.activation-api/2.1.3/jakarta.activation-api-2.1.3.jar:/Users/sims/.m2/repository/org/eclipse/angus/angus-activation/2.0.2/angus-activation-2.0.2.jar:/Users/sims/.m2/repository/com/ibm/async/asyncutil/0.1.0/asyncutil-0.1.0.jar:/Users/sims/.m2/repository/org/apache/httpcomponents/httpclient/4.5.14/httpclient-4.5.14.jar:/Users/sims/.m2/repository/org/apache/httpcomponents/httpcore/4.4.16/httpcore-4.4.16.jar:/Users/sims/.m2/repository/commons-codec/commons-codec/1.17.2/commons-codec-1.17.2.jar:/Users/sims/.m2/repository/org/reactivestreams/reactive-streams/1.0.4/reactive-streams-1.0.4.jar:/Users/sims/.m2/repository/org/jboss/logging/commons-logging-jboss-logging/1.0.0.Final/commons-logging-jboss-logging-1.0.0.Final.jar:/Users/sims/.m2/repository/javax/servlet/javax.servlet-api/4.0.1/javax.servlet-api-4.0.1.jar:"/>
    <property name="sun.cpu.endian" value="little"/>
    <property name="user.home" value="/Users/sims"/>
    <property name="user.language" value="en"/>
    <property name="env.NVM_DIR" value="/Users/sims/.nvm"/>
    <property name="java.specification.vendor" value="Oracle Corporation"/>
    <property name="java.version.date" value="2025-04-15"/>
    <property name="env.JAVA_HOME" value="/usr/local/opt/openjdk/libexec/openjdk.jdk/Contents/Home"/>
    <property name="java.home" value="/usr/local/Cellar/openjdk/24.0.1/libexec/openjdk.jdk/Contents/Home"/>
    <property name="env.LC_TERMINAL" value="iTerm2"/>
    <property name="file.separator" value="/"/>
    <property name="basedir" value="/Users/sims/getting-started"/>
    <property name="java.vm.compressedOopsMode" value="Zero based"/>
    <property name="env.ZSH" value="/Users/sims/.oh-my-zsh"/>
    <property name="env.LESS" value="-R"/>
    <property name="line.separator" value="&#10;"/>
    <property name="env.COLORTERM" value="truecolor"/>
    <property name="java.vm.specification.vendor" value="Oracle Corporation"/>
    <property name="java.specification.name" value="Java Platform API Specification"/>
    <property name="env.NVM_BIN" value="/Users/sims/.nvm/versions/node/v0.12.18/bin"/>
    <property name="apple.awt.application.name" value="ForkedBooter"/>
    <property name="surefire.real.class.path" value="/Users/sims/getting-started/target/surefire/surefirebooter-20250826215100117_3.jar"/>
    <property name="env.ITERM_SESSION_ID" value="w1t0p0:19B6F590-E423-4A77-A67D-395525B713E6"/>
    <property name="env.ITERM_PROFILE" value="Default"/>
    <property name="env.XPC_SERVICE_NAME" value="0"/>
    <property name="sun.management.compiler" value="HotSpot 64-Bit Tiered Compilers"/>
    <property name="env.LC_TERMINAL_VERSION" value="3.5.14"/>
    <property name="java.runtime.version" value="24.0.1"/>
    <property name="env.TERM_PROGRAM_VERSION" value="3.5.14"/>
    <property name="user.name" value="sims"/>
    <property name="env.LSCOLORS" value="Gxfxcxdxbxegedabagacad"/>
    <property name="stdout.encoding" value="UTF-8"/>
    <property name="env.PATH" value="/Users/sims/.nvm/versions/node/v0.12.18/bin:/Library/Frameworks/Python.framework/Versions/2.7/bin:/usr/local/bin:/System/Cryptexes/App/usr/bin:/usr/bin:/bin:/usr/sbin:/sbin:/var/run/com.apple.security.cryptexd/codex.system/bootstrap/usr/local/bin:/var/run/com.apple.security.cryptexd/codex.system/bootstrap/usr/bin:/var/run/com.apple.security.cryptexd/codex.system/bootstrap/usr/appleinternal/bin:/Library/Apple/usr/bin:/Applications/iTerm.app/Contents/Resources/utilities"/>
    <property name="path.separator" value=":"/>
    <property name="os.version" value="15.7"/>
    <property name="env.LS_COLORS" value="di=1;36:ln=35:so=32:pi=33:ex=31:bd=34;46:cd=34;43:su=30;41:sg=30;46:tw=30;42:ow=30;43"/>
    <property name="java.runtime.name" value="OpenJDK Runtime Environment"/>
    <property name="env.LOGNAME" value="sims"/>
    <property name="env.XPC_FLAGS" value="0x0"/>
    <property name="env.__CF_USER_TEXT_ENCODING" value="0x1F7:0x0:0x0"/>
    <property name="file.encoding" value="UTF-8"/>
    <property name="env.__CFBundleIdentifier" value="com.googlecode.iterm2"/>
    <property name="java.vm.name" value="OpenJDK 64-Bit Server VM"/>
    <property name="java.vendor.version" value="Homebrew"/>
    <property name="env.TERM_SESSION_ID" value="w1t0p0:19B6F590-E423-4A77-A67D-395525B713E6"/>
    <property name="env.SHELL" value="/bin/zsh"/>
    <property name="env._" value="/usr/local/Cellar/openjdk/24.0.1/libexec/openjdk.jdk/Contents/Home/bin/java"/>
    <property name="env.SHLVL" value="2"/>
    <property name="localRepository" value="/Users/sims/.m2/repository"/>
    <property name="env.NVM_CD_FLAGS" value="-q"/>
    <property name="java.vendor.url.bug" value="https://github.com/Homebrew/homebrew-core/issues"/>
    <property name="env.MAVEN_CMD_LINE_ARGS" value=" package verify"/>
    <property name="java.io.tmpdir" value="/var/folders/km/dyqz6fz93nx6hcf5396y01f00000gq/T/"/>
    <property name="java.version" value="24.0.1"/>
    <property name="user.dir" value="/Users/sims/getting-started"/>
    <property name="os.arch" value="x86_64"/>
    <property name="env.SSH_AUTH_SOCK" value="/private/tmp/com.apple.launchd.MdxrAHKhAC/Listeners"/>
    <property name="java.vm.specification.name" value="Java Virtual Machine Specification"/>
    <property name="env.TERMINFO_DIRS" value="/Applications/iTerm.app/Contents/Resources/terminfo:/usr/share/terminfo"/>
    <property name="env.TERM_FEATURES" value="T3LrMSc7UUw9Ts3BFGsSyHNoSxF"/>
    <property name="native.encoding" value="UTF-8"/>
    <property name="env.MAVEN_PROJECTBASEDIR" value="/Users/sims/getting-started"/>
    <property name="java.library.path" value="/Users/sims/Library/Java/Extensions:/Library/Java/Extensions:/Network/Library/Java/Extensions:/System/Library/Java/Extensions:/usr/lib/java:."/>
    <property name="env.TMPDIR" value="/var/folders/km/dyqz6fz93nx6hcf5396y01f00000gq/T/"/>
    <property name="java.vm.info" value="mixed mode, sharing"/>
    <property name="stderr.encoding" value="UTF-8"/>
    <property name="java.vendor" value="Homebrew"/>
    <property name="java.vm.version" value="24.0.1"/>
    <property name="sun.io.unicode.encoding" value="UnicodeBig"/>
    <property name="java.class.version" value="68.0"/>
    <property name="env.TERM_PROGRAM" value="iTerm.app"/>
    <property name="env.USER" value="sims"/>
    <property name="env.OLDPWD" value="/Users/sims/getting-started"/>
  </properties>
  <testcase name="" classname="org.wildfly.examples.GettingStartedServiceIT" time="0.78">
    <error message="The port 9990 is already in use. It means that either the server might be already running or there is another process using port 9990.&#10;Managed containers do not support connecting to running server instances due to the possible harmful effect of connecting to the wrong server.&#10;Please stop server (or another process) before running, change to another type of container (e.g. remote) or use jboss.socket.binding.port-offset variable to change the default port.&#10;To disable this check and allow Arquillian to connect to a running server, set allowConnectingToRunningServer to true in the container configuration" type="org.jboss.arquillian.container.spi.client.container.LifecycleException"><![CDATA[org.jboss.arquillian.container.spi.client.container.LifecycleException: 
The port 9990 is already in use. It means that either the server might be already running or there is another process using port 9990.
Managed containers do not support connecting to running server instances due to the possible harmful effect of connecting to the wrong server.
Please stop server (or another process) before running, change to another type of container (e.g. remote) or use jboss.socket.binding.port-offset variable to change the default port.
To disable this check and allow Arquillian to connect to a running server, set allowConnectingToRunningServer to true in the container configuration
	at org.jboss.as.arquillian.container.CommonManagedDeployableContainer.failDueToRunning(CommonManagedDeployableContainer.java:260)
	at org.jboss.as.arquillian.container.CommonManagedDeployableContainer.startInternal(CommonManagedDeployableContainer.java:60)
	at org.jboss.as.arquillian.container.CommonDeployableContainer.start(CommonDeployableContainer.java:142)
	at org.jboss.arquillian.container.impl.ContainerImpl.start(ContainerImpl.java:184)
	at org.jboss.arquillian.container.impl.client.container.ContainerLifecycleController$8.perform(ContainerLifecycleController.java:136)
	at org.jboss.arquillian.container.impl.client.container.ContainerLifecycleController$8.perform(ContainerLifecycleController.java:132)
	at org.jboss.arquillian.container.impl.client.container.ContainerLifecycleController.forContainer(ContainerLifecycleController.java:207)
	at org.jboss.arquillian.container.impl.client.container.ContainerLifecycleController.startContainer(ContainerLifecycleController.java:132)
	at java.base/java.lang.reflect.Method.invoke(Method.java:565)
	at org.jboss.arquillian.core.impl.ObserverImpl.invoke(ObserverImpl.java:85)
	at org.jboss.arquillian.core.impl.EventContextImpl.invokeObservers(EventContextImpl.java:102)
	at org.jboss.arquillian.core.impl.EventContextImpl.proceed(EventContextImpl.java:89)
	at org.jboss.arquillian.container.impl.client.ContainerDeploymentContextHandler.createContainerContext(ContainerDeploymentContextHandler.java:53)
	at java.base/java.lang.reflect.Method.invoke(Method.java:565)
	at org.jboss.arquillian.core.impl.ObserverImpl.invoke(ObserverImpl.java:85)
	at org.jboss.arquillian.core.impl.EventContextImpl.proceed(EventContextImpl.java:94)
	at org.jboss.arquillian.core.impl.ManagerImpl.fire(ManagerImpl.java:133)
	at org.jboss.arquillian.core.impl.ManagerImpl.fire(ManagerImpl.java:105)
	at org.jboss.arquillian.core.impl.EventImpl.fire(EventImpl.java:61)
	at org.jboss.arquillian.container.impl.client.container.ContainerLifecycleController$2.perform(ContainerLifecycleController.java:69)
	at org.jboss.arquillian.container.impl.client.container.ContainerLifecycleController$2.perform(ContainerLifecycleController.java:63)
	at org.jboss.arquillian.container.impl.client.container.ContainerLifecycleController.forEachSuiteContainer(ContainerLifecycleController.java:180)
	at org.jboss.arquillian.container.impl.client.container.ContainerLifecycleController.startSuiteContainers(ContainerLifecycleController.java:63)
	at java.base/java.lang.reflect.Method.invoke(Method.java:565)
	at org.jboss.arquillian.core.impl.ObserverImpl.invoke(ObserverImpl.java:85)
	at org.jboss.arquillian.core.impl.EventContextImpl.invokeObservers(EventContextImpl.java:102)
	at org.jboss.arquillian.core.impl.EventContextImpl.proceed(EventContextImpl.java:89)
	at org.jboss.arquillian.core.impl.ManagerImpl.fire(ManagerImpl.java:133)
	at org.jboss.arquillian.core.impl.ManagerImpl.fire(ManagerImpl.java:105)
	at org.jboss.arquillian.core.impl.EventImpl.fire(EventImpl.java:61)
	at org.jboss.arquillian.container.test.impl.client.ContainerEventController.execute(ContainerEventController.java:82)
	at java.base/java.lang.reflect.Method.invoke(Method.java:565)
	at org.jboss.arquillian.core.impl.ObserverImpl.invoke(ObserverImpl.java:85)
	at org.jboss.arquillian.core.impl.EventContextImpl.invokeObservers(EventContextImpl.java:102)
	at org.jboss.arquillian.core.impl.EventContextImpl.proceed(EventContextImpl.java:89)
	at org.jboss.arquillian.test.impl.TestContextHandler.createSuiteContext(TestContextHandler.java:68)
	at java.base/java.lang.reflect.Method.invoke(Method.java:565)
	at org.jboss.arquillian.core.impl.ObserverImpl.invoke(ObserverImpl.java:85)
	at org.jboss.arquillian.core.impl.EventContextImpl.proceed(EventContextImpl.java:94)
	at org.jboss.arquillian.core.impl.ManagerImpl.fire(ManagerImpl.java:133)
	at org.jboss.arquillian.core.impl.ManagerImpl.fire(ManagerImpl.java:105)
	at org.jboss.arquillian.test.impl.EventTestRunnerAdaptor.beforeSuite(EventTestRunnerAdaptor.java:70)
	at org.jboss.arquillian.junit5.JUnitJupiterTestClassLifecycleManager.initializeAdaptor(JUnitJupiterTestClassLifecycleManager.java:40)
	at org.jboss.arquillian.junit5.JUnitJupiterTestClassLifecycleManager.getManager(JUnitJupiterTestClassLifecycleManager.java:25)
	at org.jboss.arquillian.junit5.ArquillianExtension.beforeAll(ArquillianExtension.java:41)
	at java.base/java.util.ArrayList.forEach(ArrayList.java:1604)
	Suppressed: java.lang.RuntimeException: Arquillian initialization has already been attempted, but failed. See previous exceptions for cause
		at org.jboss.arquillian.junit5.JUnitJupiterTestClassLifecycleManager.handleSuiteLevelFailure(JUnitJupiterTestClassLifecycleManager.java:62)
		at org.jboss.arquillian.junit5.JUnitJupiterTestClassLifecycleManager.getManager(JUnitJupiterTestClassLifecycleManager.java:30)
		at org.jboss.arquillian.junit5.ArquillianExtension.afterAll(ArquillianExtension.java:48)
		... 1 more
	Caused by: [CIRCULAR REFERENCE: org.jboss.arquillian.container.spi.client.container.LifecycleException: The port 9990 is already in use. It means that either the server might be already running or there is another process using port 9990.
Managed containers do not support connecting to running server instances due to the possible harmful effect of connecting to the wrong server.
Please stop server (or another process) before running, change to another type of container (e.g. remote) or use jboss.socket.binding.port-offset variable to change the default port.
To disable this check and allow Arquillian to connect to a running server, set allowConnectingToRunningServer to true in the container configuration]
]]></error>
    <system-err><![CDATA[Aug 26, 2025 9:51:01 PM org.jboss.threads.Version <clinit>
INFO: JBoss Threads version 2.4.0.Final
]]></system-err>
  </testcase>
</testsuite>